[ 2014-09-02T17:57:38+08:00 ] 127.0.0.1 /weipan/
INFO: [ app_begin ] --START--
INFO: ReadHtmlCache Behavior ::run [ RunTime:0.006000s ]
INFO: [ app_begin ] --END-- [ RunTime:0.006000s ]
ERR: 非法操作:index

[ 2014-09-02T17:58:14+08:00 ] 127.0.0.1 /weipan/index.php/Admin/Manager/index.html
INFO: [ route_check ] --START--
INFO: CheckRoute Behavior ::run [ RunTime:0.232014s ]
INFO: [ route_check ] --END-- [ RunTime:0.232014s ]
INFO: [ app_begin ] --START--
INFO: ReadHtmlCache Behavior ::run [ RunTime:0.001000s ]
INFO: [ app_begin ] --END-- [ RunTime:0.001000s ]

[ 2014-09-02T17:58:15+08:00 ] 127.0.0.1 /weipan/index.php/Admin/Login/index.html
INFO: [ route_check ] --START--
INFO: CheckRoute Behavior ::run [ RunTime:0.001000s ]
INFO: [ route_check ] --END-- [ RunTime:0.001000s ]
INFO: [ app_begin ] --START--
INFO: ReadHtmlCache Behavior ::run [ RunTime:0.001000s ]
INFO: [ app_begin ] --END-- [ RunTime:0.001000s ]
INFO: [ view_parse ] --START--
INFO: ParseTemplate Behavior ::run [ RunTime:0.046003s ]
INFO: [ view_parse ] --END-- [ RunTime:0.046003s ]
INFO: [ view_filter ] --START--
INFO: ContentReplace Behavior ::run [ RunTime:0.013001s ]
INFO: TokenBuild Behavior ::run [ RunTime:0.011000s ]
INFO: WriteHtmlCache Behavior ::run [ RunTime:0.008001s ]
INFO: ShowRuntime Behavior ::run [ RunTime:0.012000s ]
INFO: [ view_filter ] --END-- [ RunTime:0.044002s ]
INFO: [ view_end ] --START--
INFO: ShowPageTrace Behavior ::run [ RunTime:0.011001s ]
INFO: [ view_end ] --END-- [ RunTime:0.011001s ]

[ 2014-09-02T17:58:15+08:00 ] 127.0.0.1 /weipan/index.php/Admin/Login/verify
INFO: [ route_check ] --START--
INFO: CheckRoute Behavior ::run [ RunTime:0.001000s ]
INFO: [ route_check ] --END-- [ RunTime:0.001000s ]
INFO: [ app_begin ] --START--
INFO: ReadHtmlCache Behavior ::run [ RunTime:0.000000s ]
INFO: [ app_begin ] --END-- [ RunTime:0.000000s ]

[ 2014-09-02T17:58:15+08:00 ] 127.0.0.1 /weipan/index.php/Admin/Login/index.html
INFO: [ route_check ] --START--
INFO: CheckRoute Behavior ::run [ RunTime:0.001000s ]
INFO: [ route_check ] --END-- [ RunTime:0.001000s ]
INFO: [ app_begin ] --START--
INFO: ReadHtmlCache Behavior ::run [ RunTime:0.001000s ]
INFO: [ app_begin ] --END-- [ RunTime:0.001000s ]
INFO: [ view_parse ] --START--
INFO: ParseTemplate Behavior ::run [ RunTime:0.005000s ]
INFO: [ view_parse ] --END-- [ RunTime:0.005000s ]
INFO: [ view_filter ] --START--
INFO: ContentReplace Behavior ::run [ RunTime:0.001000s ]
INFO: TokenBuild Behavior ::run [ RunTime:0.000000s ]
INFO: WriteHtmlCache Behavior ::run [ RunTime:0.000000s ]
INFO: ShowRuntime Behavior ::run [ RunTime:0.000000s ]
INFO: [ view_filter ] --END-- [ RunTime:0.001000s ]
INFO: [ view_end ] --START--
INFO: ShowPageTrace Behavior ::run [ RunTime:0.001000s ]
INFO: [ view_end ] --END-- [ RunTime:0.001000s ]

[ 2014-09-02T17:58:15+08:00 ] 127.0.0.1 /weipan/index.php/Admin/Login/verify
INFO: [ route_check ] --START--
INFO: CheckRoute Behavior ::run [ RunTime:0.000000s ]
INFO: [ route_check ] --END-- [ RunTime:0.001000s ]
INFO: [ app_begin ] --START--
INFO: ReadHtmlCache Behavior ::run [ RunTime:0.000000s ]
INFO: [ app_begin ] --END-- [ RunTime:0.000000s ]

[ 2014-09-02T17:58:22+08:00 ] 127.0.0.1 /weipan/index.php/Admin/Login/login.html
INFO: [ route_check ] --START--
INFO: CheckRoute Behavior ::run [ RunTime:0.001000s ]
INFO: [ route_check ] --END-- [ RunTime:0.001000s ]
INFO: [ app_begin ] --START--
INFO: ReadHtmlCache Behavior ::run [ RunTime:0.001000s ]
INFO: [ app_begin ] --END-- [ RunTime:0.001000s ]
SQL: SHOW COLUMNS FROM `comm_manager` [ RunTime:0.005001s ]
SQL: SELECT * FROM `comm_manager` WHERE ( `name` = 'weipan2013' ) LIMIT 1   [ RunTime:0.001000s ]

[ 2014-09-02T17:58:22+08:00 ] 127.0.0.1 /weipan/index.php/Admin/Manager/index.html
INFO: [ route_check ] --START--
INFO: CheckRoute Behavior ::run [ RunTime:0.001000s ]
INFO: [ route_check ] --END-- [ RunTime:0.001000s ]
INFO: [ app_begin ] --START--
INFO: ReadHtmlCache Behavior ::run [ RunTime:0.001000s ]
INFO: [ app_begin ] --END-- [ RunTime:0.001000s ]
INFO: [ view_parse ] --START--
INFO: ParseTemplate Behavior ::run [ RunTime:0.024002s ]
INFO: [ view_parse ] --END-- [ RunTime:0.024002s ]
INFO: [ view_filter ] --START--
INFO: ContentReplace Behavior ::run [ RunTime:0.001000s ]
INFO: TokenBuild Behavior ::run [ RunTime:0.001000s ]
INFO: WriteHtmlCache Behavior ::run [ RunTime:0.001000s ]
INFO: ShowRuntime Behavior ::run [ RunTime:0.001000s ]
INFO: [ view_filter ] --END-- [ RunTime:0.004000s ]
INFO: [ view_end ] --START--
INFO: ShowPageTrace Behavior ::run [ RunTime:0.001000s ]
INFO: [ view_end ] --END-- [ RunTime:0.001000s ]

[ 2014-09-02T17:58:22+08:00 ] 127.0.0.1 /weipan/index.php/Admin/Manager/userlist.html
INFO: [ route_check ] --START--
INFO: CheckRoute Behavior ::run [ RunTime:0.001000s ]
INFO: [ route_check ] --END-- [ RunTime:0.001000s ]
INFO: [ app_begin ] --START--
INFO: ReadHtmlCache Behavior ::run [ RunTime:0.001000s ]
INFO: [ app_begin ] --END-- [ RunTime:0.001000s ]
SQL: SHOW COLUMNS FROM `comm_user` [ RunTime:0.003000s ]
SQL: SELECT COUNT(*) AS tp_count FROM `comm_user` LIMIT 1   [ RunTime:0.012001s ]
SQL: SELECT * FROM `comm_user`  [ RunTime:0.009000s ]
SQL: SELECT * FROM `comm_user` ORDER BY uid DESC LIMIT 0,16   [ RunTime:0.000000s ]
INFO: [ view_parse ] --START--
INFO: ParseTemplate Behavior ::run [ RunTime:0.017001s ]
INFO: [ view_parse ] --END-- [ RunTime:0.017001s ]
INFO: [ view_filter ] --START--
INFO: ContentReplace Behavior ::run [ RunTime:0.000000s ]
INFO: TokenBuild Behavior ::run [ RunTime:0.001000s ]
INFO: WriteHtmlCache Behavior ::run [ RunTime:0.000000s ]
INFO: ShowRuntime Behavior ::run [ RunTime:0.001000s ]
INFO: [ view_filter ] --END-- [ RunTime:0.002000s ]
INFO: [ view_end ] --START--
INFO: ShowPageTrace Behavior ::run [ RunTime:0.000000s ]
INFO: [ view_end ] --END-- [ RunTime:0.000000s ]

[ 2014-09-02T17:58:24+08:00 ] 127.0.0.1 /weipan/index.php/Admin/Manager/site_index/uid/5.html
INFO: [ route_check ] --START--
INFO: CheckRoute Behavior ::run [ RunTime:0.001000s ]
INFO: [ route_check ] --END-- [ RunTime:0.001000s ]
INFO: [ app_begin ] --START--
INFO: ReadHtmlCache Behavior ::run [ RunTime:0.001000s ]
INFO: [ app_begin ] --END-- [ RunTime:0.001000s ]
SQL: SHOW COLUMNS FROM `comm_site` [ RunTime:0.003000s ]
SQL: SHOW COLUMNS FROM `comm_user` [ RunTime:0.004000s ]
SQL: SELECT site.sid AS sid,site.uid AS uid,site.sitename AS sitename,site.copyright AS copyright,site.support AS support,site.surl AS surl,site.module AS module,user.name AS name,user.agentname AS agentname FROM comm_site site INNER JOIN comm_user user ON site.uid=user.uid WHERE ( site.uid = '5' )  [ RunTime:0.023001s ]
INFO: [ view_parse ] --START--
NOTIC: [8] Undefined variable: uid D:\phpStudy\WWW\weipan\APP\Runtime\Cache\Admin\f6140fa2b0d9906f5ba018e077123388.php 第 31 行.
INFO: ParseTemplate Behavior ::run [ RunTime:0.025002s ]
INFO: [ view_parse ] --END-- [ RunTime:0.025002s ]
INFO: [ view_filter ] --START--
INFO: ContentReplace Behavior ::run [ RunTime:0.000000s ]
INFO: TokenBuild Behavior ::run [ RunTime:0.001000s ]
INFO: WriteHtmlCache Behavior ::run [ RunTime:0.000000s ]
INFO: ShowRuntime Behavior ::run [ RunTime:0.001000s ]
INFO: [ view_filter ] --END-- [ RunTime:0.002000s ]
INFO: [ view_end ] --START--
INFO: ShowPageTrace Behavior ::run [ RunTime:0.001000s ]
INFO: [ view_end ] --END-- [ RunTime:0.001000s ]

[ 2014-09-02T17:58:25+08:00 ] 127.0.0.1 /weipan/index.php/Admin/Index/index/siteid/5.html
INFO: [ route_check ] --START--
INFO: CheckRoute Behavior ::run [ RunTime:0.001000s ]
INFO: [ route_check ] --END-- [ RunTime:0.001000s ]
INFO: [ app_begin ] --START--
INFO: ReadHtmlCache Behavior ::run [ RunTime:0.001000s ]
INFO: [ app_begin ] --END-- [ RunTime:0.001000s ]
SQL: SHOW COLUMNS FROM `comm_site` [ RunTime:0.005000s ]
SQL: SELECT `module` FROM `comm_site` WHERE ( `sid` = 5 )  [ RunTime:0.000000s ]
SQL: SHOW COLUMNS FROM `comm_modules` [ RunTime:0.006001s ]
SQL: SELECT `url` FROM `comm_modules` WHERE ( `mid` = '<1>' )  [ RunTime:0.013000s ]
NOTIC: [8] Undefined variable: reurl D:\phpStudy\WWW\weipan\APP\Modules\Admin\Action\IndexAction.class.php 第 20 行.
SQL: SELECT `url` FROM `comm_modules` WHERE ( `mid` = '<2>' )  [ RunTime:0.000000s ]
SQL: SELECT `url` FROM `comm_modules` WHERE ( `mid` = '<3>' )  [ RunTime:0.000000s ]
INFO: [ view_parse ] --START--
INFO: ParseTemplate Behavior ::run [ RunTime:0.010000s ]
INFO: [ view_parse ] --END-- [ RunTime:0.010000s ]
INFO: [ view_filter ] --START--
INFO: ContentReplace Behavior ::run [ RunTime:0.001000s ]
INFO: TokenBuild Behavior ::run [ RunTime:0.000000s ]
INFO: WriteHtmlCache Behavior ::run [ RunTime:0.000000s ]
INFO: ShowRuntime Behavior ::run [ RunTime:0.000000s ]
INFO: [ view_filter ] --END-- [ RunTime:0.002000s ]
INFO: [ view_end ] --START--
INFO: ShowPageTrace Behavior ::run [ RunTime:0.000000s ]
INFO: [ view_end ] --END-- [ RunTime:0.001000s ]

[ 2014-09-02T17:58:25+08:00 ] 127.0.0.1 /weipan/index.php/Admin/Index/main.html
INFO: [ route_check ] --START--
INFO: CheckRoute Behavior ::run [ RunTime:0.000000s ]
INFO: [ route_check ] --END-- [ RunTime:0.000000s ]
INFO: [ app_begin ] --START--
INFO: ReadHtmlCache Behavior ::run [ RunTime:0.000000s ]
INFO: [ app_begin ] --END-- [ RunTime:0.000000s ]
NOTIC: [8] Constant THEME_NAME already defined D:\phpStudy\WWW\weipan\ThinkPHP\Lib\Core\View.class.php 第 223 行.
NOTIC: [8] Constant THEME_PATH already defined D:\phpStudy\WWW\weipan\ThinkPHP\Lib\Core\View.class.php 第 171 行.
NOTIC: [8] Constant APP_TMPL_PATH already defined D:\phpStudy\WWW\weipan\ThinkPHP\Lib\Core\View.class.php 第 172 行.
INFO: [ view_parse ] --START--
INFO: ParseTemplate Behavior ::run [ RunTime:0.004000s ]
INFO: [ view_parse ] --END-- [ RunTime:0.004000s ]
INFO: [ view_filter ] --START--
INFO: ContentReplace Behavior ::run [ RunTime:0.001000s ]
INFO: TokenBuild Behavior ::run [ RunTime:0.000000s ]
INFO: WriteHtmlCache Behavior ::run [ RunTime:0.000000s ]
INFO: ShowRuntime Behavior ::run [ RunTime:0.001000s ]
INFO: [ view_filter ] --END-- [ RunTime:0.002000s ]
INFO: [ view_end ] --START--
INFO: ShowPageTrace Behavior ::run [ RunTime:0.001000s ]
INFO: [ view_end ] --END-- [ RunTime:0.001000s ]

[ 2014-09-02T17:58:25+08:00 ] 127.0.0.1 /weipan/index.php/Admin/Index/top.html
INFO: [ route_check ] --START--
INFO: CheckRoute Behavior ::run [ RunTime:0.001000s ]
INFO: [ route_check ] --END-- [ RunTime:0.001000s ]
INFO: [ app_begin ] --START--
INFO: ReadHtmlCache Behavior ::run [ RunTime:0.000000s ]
INFO: [ app_begin ] --END-- [ RunTime:0.000000s ]
NOTIC: [8] Constant THEME_NAME already defined D:\phpStudy\WWW\weipan\ThinkPHP\Lib\Core\View.class.php 第 223 行.
NOTIC: [8] Constant THEME_PATH already defined D:\phpStudy\WWW\weipan\ThinkPHP\Lib\Core\View.class.php 第 171 行.
NOTIC: [8] Constant APP_TMPL_PATH already defined D:\phpStudy\WWW\weipan\ThinkPHP\Lib\Core\View.class.php 第 172 行.
INFO: [ view_parse ] --START--
INFO: ParseTemplate Behavior ::run [ RunTime:0.042003s ]
INFO: [ view_parse ] --END-- [ RunTime:0.042003s ]
INFO: [ view_filter ] --START--
INFO: ContentReplace Behavior ::run [ RunTime:0.000000s ]
INFO: TokenBuild Behavior ::run [ RunTime:0.001000s ]
INFO: WriteHtmlCache Behavior ::run [ RunTime:0.000000s ]
INFO: ShowRuntime Behavior ::run [ RunTime:0.000000s ]
INFO: [ view_filter ] --END-- [ RunTime:0.002000s ]
INFO: [ view_end ] --START--
INFO: ShowPageTrace Behavior ::run [ RunTime:0.001000s ]
INFO: [ view_end ] --END-- [ RunTime:0.001000s ]

[ 2014-09-02T17:58:25+08:00 ] 127.0.0.1 /weipan/index.php/Admin/Index/left.html
INFO: [ route_check ] --START--
INFO: CheckRoute Behavior ::run [ RunTime:0.001000s ]
INFO: [ route_check ] --END-- [ RunTime:0.001000s ]
INFO: [ app_begin ] --START--
INFO: ReadHtmlCache Behavior ::run [ RunTime:0.001000s ]
INFO: [ app_begin ] --END-- [ RunTime:0.001000s ]
NOTIC: [8] Constant THEME_NAME already defined D:\phpStudy\WWW\weipan\ThinkPHP\Lib\Core\View.class.php 第 223 行.
NOTIC: [8] Constant THEME_PATH already defined D:\phpStudy\WWW\weipan\ThinkPHP\Lib\Core\View.class.php 第 171 行.
NOTIC: [8] Constant APP_TMPL_PATH already defined D:\phpStudy\WWW\weipan\ThinkPHP\Lib\Core\View.class.php 第 172 行.
INFO: [ view_parse ] --START--
SQL: SHOW COLUMNS FROM `comm_site` [ RunTime:0.002001s ]
SQL: SELECT `module` FROM `comm_site` WHERE ( `sid` = 5 )  [ RunTime:0.000000s ]
SQL: SHOW COLUMNS FROM `comm_modules` [ RunTime:0.003000s ]
SQL: SELECT `url` FROM `comm_modules` WHERE ( `mid` = '<1>' )  [ RunTime:0.000000s ]
NOTIC: [8] Undefined variable: reurl D:\phpStudy\WWW\weipan\APP\Runtime\Cache\Admin\692b437939cac8eb61271c6da588d8ad.php 第 2 行.
SQL: SELECT `url` FROM `comm_modules` WHERE ( `mid` = '<2>' )  [ RunTime:0.000000s ]
SQL: SELECT `url` FROM `comm_modules` WHERE ( `mid` = '<3>' )  [ RunTime:0.000000s ]
INFO: ParseTemplate Behavior ::run [ RunTime:0.035002s ]
INFO: [ view_parse ] --END-- [ RunTime:0.035002s ]
INFO: [ view_filter ] --START--
INFO: ContentReplace Behavior ::run [ RunTime:0.001000s ]
INFO: TokenBuild Behavior ::run [ RunTime:0.000000s ]
INFO: WriteHtmlCache Behavior ::run [ RunTime:0.001000s ]
INFO: ShowRuntime Behavior ::run [ RunTime:0.000000s ]
INFO: [ view_filter ] --END-- [ RunTime:0.002000s ]
INFO: [ view_end ] --START--
INFO: ShowPageTrace Behavior ::run [ RunTime:0.001000s ]
INFO: [ view_end ] --END-- [ RunTime:0.001000s ]

[ 2014-09-02T17:58:25+08:00 ] 127.0.0.1 /weipan/index.php/Admin/Index/style.css
INFO: [ route_check ] --START--
INFO: CheckRoute Behavior ::run [ RunTime:0.001000s ]
INFO: [ route_check ] --END-- [ RunTime:0.001000s ]
INFO: [ app_begin ] --START--
INFO: ReadHtmlCache Behavior ::run [ RunTime:0.001000s ]
INFO: [ app_begin ] --END-- [ RunTime:0.001000s ]
ERR: 非法操作:style.css

[ 2014-09-02T17:58:25+08:00 ] 127.0.0.1 /weipan/index.php/Admin/Index/left.html
INFO: [ route_check ] --START--
INFO: CheckRoute Behavior ::run [ RunTime:0.001000s ]
INFO: [ route_check ] --END-- [ RunTime:0.001000s ]
INFO: [ app_begin ] --START--
INFO: ReadHtmlCache Behavior ::run [ RunTime:0.001000s ]
INFO: [ app_begin ] --END-- [ RunTime:0.001000s ]
NOTIC: [8] Constant THEME_NAME already defined D:\phpStudy\WWW\weipan\ThinkPHP\Lib\Core\View.class.php 第 223 行.
NOTIC: [8] Constant THEME_PATH already defined D:\phpStudy\WWW\weipan\ThinkPHP\Lib\Core\View.class.php 第 171 行.
NOTIC: [8] Constant APP_TMPL_PATH already defined D:\phpStudy\WWW\weipan\ThinkPHP\Lib\Core\View.class.php 第 172 行.
INFO: [ view_parse ] --START--
SQL: SHOW COLUMNS FROM `comm_site` [ RunTime:0.002001s ]
SQL: SELECT `module` FROM `comm_site` WHERE ( `sid` = 5 )  [ RunTime:0.001000s ]
SQL: SHOW COLUMNS FROM `comm_modules` [ RunTime:0.002000s ]
SQL: SELECT `url` FROM `comm_modules` WHERE ( `mid` = '<1>' )  [ RunTime:0.000000s ]
NOTIC: [8] Undefined variable: reurl D:\phpStudy\WWW\weipan\APP\Runtime\Cache\Admin\692b437939cac8eb61271c6da588d8ad.php 第 2 行.
SQL: SELECT `url` FROM `comm_modules` WHERE ( `mid` = '<2>' )  [ RunTime:0.000000s ]
SQL: SELECT `url` FROM `comm_modules` WHERE ( `mid` = '<3>' )  [ RunTime:0.000000s ]
INFO: ParseTemplate Behavior ::run [ RunTime:0.021001s ]
INFO: [ view_parse ] --END-- [ RunTime:0.021001s ]
INFO: [ view_filter ] --START--
INFO: ContentReplace Behavior ::run [ RunTime:0.000000s ]
INFO: TokenBuild Behavior ::run [ RunTime:0.000000s ]
INFO: WriteHtmlCache Behavior ::run [ RunTime:0.000000s ]
INFO: ShowRuntime Behavior ::run [ RunTime:0.001000s ]
INFO: [ view_filter ] --END-- [ RunTime:0.002000s ]
INFO: [ view_end ] --START--
INFO: ShowPageTrace Behavior ::run [ RunTime:0.000000s ]
INFO: [ view_end ] --END-- [ RunTime:0.000000s ]

[ 2014-09-02T17:58:31+08:00 ] 127.0.0.1 /weipan/index.php/Admin/interaction/coupon_index.html
INFO: [ route_check ] --START--
INFO: CheckRoute Behavior ::run [ RunTime:0.001000s ]
INFO: [ route_check ] --END-- [ RunTime:0.001000s ]
INFO: [ app_begin ] --START--
INFO: ReadHtmlCache Behavior ::run [ RunTime:0.001000s ]
INFO: [ app_begin ] --END-- [ RunTime:0.001000s ]
SQL: SHOW COLUMNS FROM `comm_coupon` [ RunTime:0.003000s ]
SQL: SELECT * FROM `comm_coupon` WHERE ( `siteid` = '5' )  [ RunTime:0.000000s ]
INFO: [ view_parse ] --START--
NOTIC: [8] Undefined variable: v D:\phpStudy\WWW\weipan\APP\Runtime\Cache\Admin\3126ab5652f3c65869d2dd7a386ae3e1.php 第 23 行.
INFO: ParseTemplate Behavior ::run [ RunTime:0.055003s ]
INFO: [ view_parse ] --END-- [ RunTime:0.056003s ]
INFO: [ view_filter ] --START--
INFO: ContentReplace Behavior ::run [ RunTime:0.000000s ]
INFO: TokenBuild Behavior ::run [ RunTime:0.000000s ]
INFO: WriteHtmlCache Behavior ::run [ RunTime:0.001000s ]
INFO: ShowRuntime Behavior ::run [ RunTime:0.001000s ]
INFO: [ view_filter ] --END-- [ RunTime:0.003000s ]
INFO: [ view_end ] --START--
INFO: ShowPageTrace Behavior ::run [ RunTime:0.001000s ]
INFO: [ view_end ] --END-- [ RunTime:0.001000s ]

[ 2014-09-02T17:58:32+08:00 ] 127.0.0.1 /weipan/index.php/Admin/interaction/coupon_index.html
INFO: [ route_check ] --START--
INFO: CheckRoute Behavior ::run [ RunTime:0.001000s ]
INFO: [ route_check ] --END-- [ RunTime:0.001000s ]
INFO: [ app_begin ] --START--
INFO: ReadHtmlCache Behavior ::run [ RunTime:0.001001s ]
INFO: [ app_begin ] --END-- [ RunTime:0.001001s ]
SQL: SHOW COLUMNS FROM `comm_coupon` [ RunTime:0.003000s ]
SQL: SELECT * FROM `comm_coupon` WHERE ( `siteid` = '5' )  [ RunTime:0.000000s ]
INFO: [ view_parse ] --START--
NOTIC: [8] Undefined variable: v D:\phpStudy\WWW\weipan\APP\Runtime\Cache\Admin\3126ab5652f3c65869d2dd7a386ae3e1.php 第 23 行.
INFO: ParseTemplate Behavior ::run [ RunTime:0.008000s ]
INFO: [ view_parse ] --END-- [ RunTime:0.008000s ]
INFO: [ view_filter ] --START--
INFO: ContentReplace Behavior ::run [ RunTime:0.000000s ]
INFO: TokenBuild Behavior ::run [ RunTime:0.000000s ]
INFO: WriteHtmlCache Behavior ::run [ RunTime:0.000000s ]
INFO: ShowRuntime Behavior ::run [ RunTime:0.001000s ]
INFO: [ view_filter ] --END-- [ RunTime:0.002000s ]
INFO: [ view_end ] --START--
INFO: ShowPageTrace Behavior ::run [ RunTime:0.001000s ]
INFO: [ view_end ] --END-- [ RunTime:0.001000s ]

[ 2014-09-02T17:58:32+08:00 ] 127.0.0.1 /weipan/index.php/Admin/interaction/coupon_index.html
INFO: [ route_check ] --START--
INFO: CheckRoute Behavior ::run [ RunTime:0.001001s ]
INFO: [ route_check ] --END-- [ RunTime:0.001001s ]
INFO: [ app_begin ] --START--
INFO: ReadHtmlCache Behavior ::run [ RunTime:0.001000s ]
INFO: [ app_begin ] --END-- [ RunTime:0.002000s ]
SQL: SHOW COLUMNS FROM `comm_coupon` [ RunTime:0.002000s ]
SQL: SELECT * FROM `comm_coupon` WHERE ( `siteid` = '5' )  [ RunTime:0.000000s ]
INFO: [ view_parse ] --START--
NOTIC: [8] Undefined variable: v D:\phpStudy\WWW\weipan\APP\Runtime\Cache\Admin\3126ab5652f3c65869d2dd7a386ae3e1.php 第 23 行.
INFO: ParseTemplate Behavior ::run [ RunTime:0.007001s ]
INFO: [ view_parse ] --END-- [ RunTime:0.007001s ]
INFO: [ view_filter ] --START--
INFO: ContentReplace Behavior ::run [ RunTime:0.000000s ]
INFO: TokenBuild Behavior ::run [ RunTime:0.000000s ]
INFO: WriteHtmlCache Behavior ::run [ RunTime:0.000000s ]
INFO: ShowRuntime Behavior ::run [ RunTime:0.001000s ]
INFO: [ view_filter ] --END-- [ RunTime:0.002000s ]
INFO: [ view_end ] --START--
INFO: ShowPageTrace Behavior ::run [ RunTime:0.000000s ]
INFO: [ view_end ] --END-- [ RunTime:0.000000s ]

[ 2014-09-02T17:58:32+08:00 ] 127.0.0.1 /weipan/index.php/Admin/interaction/vote_index.html
INFO: [ route_check ] --START--
INFO: CheckRoute Behavior ::run [ RunTime:0.001000s ]
INFO: [ route_check ] --END-- [ RunTime:0.002000s ]
INFO: [ app_begin ] --START--
INFO: ReadHtmlCache Behavior ::run [ RunTime:0.002001s ]
INFO: [ app_begin ] --END-- [ RunTime:0.002001s ]
SQL: SHOW COLUMNS FROM `comm_vote` [ RunTime:0.004000s ]
SQL: SELECT * FROM `comm_vote` WHERE ( `siteid` = '5' )  [ RunTime:0.000000s ]
INFO: [ view_parse ] --START--
NOTIC: [8] Undefined variable: v D:\phpStudy\WWW\weipan\APP\Runtime\Cache\Admin\58788451d505bbbb4e0ccffb2fa05327.php 第 22 行.
INFO: ParseTemplate Behavior ::run [ RunTime:0.009001s ]
INFO: [ view_parse ] --END-- [ RunTime:0.009001s ]
INFO: [ view_filter ] --START--
INFO: ContentReplace Behavior ::run [ RunTime:0.001000s ]
INFO: TokenBuild Behavior ::run [ RunTime:0.000000s ]
INFO: WriteHtmlCache Behavior ::run [ RunTime:0.001000s ]
INFO: ShowRuntime Behavior ::run [ RunTime:0.000000s ]
INFO: [ view_filter ] --END-- [ RunTime:0.002000s ]
INFO: [ view_end ] --START--
INFO: ShowPageTrace Behavior ::run [ RunTime:0.001000s ]
INFO: [ view_end ] --END-- [ RunTime:0.001000s ]

