[ 2015-08-14T12:41:12+08:00 ] 127.0.0.1 /index.php/admin/
INFO: [ route_check ] --START--
INFO: CheckRoute Behavior ::run [ RunTime:0.040003s ]
INFO: [ route_check ] --END-- [ RunTime:0.431025s ]
INFO: [ app_begin ] --START--
INFO: ReadHtmlCache Behavior ::run [ RunTime:0.005001s ]
INFO: [ app_begin ] --END-- [ RunTime:0.005001s ]
NOTIC: [8] A session had already been started - ignoring session_start() D:\phpStudy\WWW\cxtk\Sys\Common\functions.php 第 566 行.
NOTIC: [8] Undefined index: siteid D:\phpStudy\WWW\cxtk\cxtk_wx\Modules\Admin\Action\IndexAction.class.php 第 8 行.
SQL: SHOW COLUMNS FROM `wx_site` [ RunTime:0.074004s ]
SQL: SELECT `module` FROM `wx_site`  [ RunTime:0.019001s ]
ERR: 1054:Unknown column 'module' in 'field list'
 [ SQL语句 ] : SELECT `module` FROM `wx_site` 
SQL: SHOW COLUMNS FROM `wx_modules` [ RunTime:0.012001s ]
ERR: 1146:Table 'cxtk_wx.wx_modules' doesn't exist
 [ SQL语句 ] : SHOW COLUMNS FROM `wx_modules`
SQL: SELECT `url` FROM `wx_modules` WHERE ( `mid` = '' )  [ RunTime:0.000000s ]
ERR: 1146:Table 'cxtk_wx.wx_modules' doesn't exist
 [ SQL语句 ] : SELECT `url` FROM `wx_modules` WHERE ( `mid` = '' ) 
NOTIC: [8] Undefined variable: reurl D:\phpStudy\WWW\cxtk\cxtk_wx\Modules\Admin\Action\IndexAction.class.php 第 20 行.
INFO: [ view_parse ] --START--
NOTIC: [8] Undefined variable: detail_id D:\phpStudy\WWW\cxtk\cxtk_wx\Runtime\Cache\Admin\6245bf787fe32803fde3d1395ab953a0.php 第 19 行.
NOTIC: [8] Undefined variable: v D:\phpStudy\WWW\cxtk\cxtk_wx\Runtime\Cache\Admin\6245bf787fe32803fde3d1395ab953a0.php 第 20 行.
NOTIC: [8] Undefined variable: serid D:\phpStudy\WWW\cxtk\cxtk_wx\Runtime\Cache\Admin\6245bf787fe32803fde3d1395ab953a0.php 第 22 行.
NOTIC: [8] Undefined variable: serid D:\phpStudy\WWW\cxtk\cxtk_wx\Runtime\Cache\Admin\6245bf787fe32803fde3d1395ab953a0.php 第 23 行.
NOTIC: [8] Undefined variable: serid D:\phpStudy\WWW\cxtk\cxtk_wx\Runtime\Cache\Admin\6245bf787fe32803fde3d1395ab953a0.php 第 24 行.
NOTIC: [8] Undefined variable: serid D:\phpStudy\WWW\cxtk\cxtk_wx\Runtime\Cache\Admin\6245bf787fe32803fde3d1395ab953a0.php 第 25 行.
INFO: ParseTemplate Behavior ::run [ RunTime:0.175010s ]
INFO: [ view_parse ] --END-- [ RunTime:0.175010s ]
INFO: [ view_filter ] --START--
INFO: ContentReplace Behavior ::run [ RunTime:0.030002s ]
INFO: TokenBuild Behavior ::run [ RunTime:0.042002s ]
INFO: WriteHtmlCache Behavior ::run [ RunTime:0.001000s ]
INFO: ShowRuntime Behavior ::run [ RunTime:0.019001s ]
INFO: [ view_filter ] --END-- [ RunTime:0.092005s ]
INFO: [ view_end ] --START--
INFO: ShowPageTrace Behavior ::run [ RunTime:0.110007s ]
INFO: [ view_end ] --END-- [ RunTime:0.110007s ]

[ 2015-08-14T12:41:12+08:00 ] 127.0.0.1 /index.php/admin/Index/top.html
INFO: [ route_check ] --START--
INFO: CheckRoute Behavior ::run [ RunTime:0.001000s ]
INFO: [ route_check ] --END-- [ RunTime:0.001000s ]
INFO: [ app_begin ] --START--
INFO: ReadHtmlCache Behavior ::run [ RunTime:0.001000s ]
INFO: [ app_begin ] --END-- [ RunTime:0.001000s ]
NOTIC: [8] A session had already been started - ignoring session_start() D:\phpStudy\WWW\cxtk\Sys\Common\functions.php 第 566 行.
NOTIC: [8] Constant THEME_NAME already defined D:\phpStudy\WWW\cxtk\Sys\Lib\Core\View.class.php 第 223 行.
NOTIC: [8] Constant THEME_PATH already defined D:\phpStudy\WWW\cxtk\Sys\Lib\Core\View.class.php 第 171 行.
NOTIC: [8] Constant APP_TMPL_PATH already defined D:\phpStudy\WWW\cxtk\Sys\Lib\Core\View.class.php 第 172 行.
INFO: [ view_parse ] --START--
INFO: ParseTemplate Behavior ::run [ RunTime:0.033002s ]
INFO: [ view_parse ] --END-- [ RunTime:0.033002s ]
INFO: [ view_filter ] --START--
INFO: ContentReplace Behavior ::run [ RunTime:0.000000s ]
INFO: TokenBuild Behavior ::run [ RunTime:0.000000s ]
INFO: WriteHtmlCache Behavior ::run [ RunTime:0.001000s ]
INFO: ShowRuntime Behavior ::run [ RunTime:0.000000s ]
INFO: [ view_filter ] --END-- [ RunTime:0.001000s ]
INFO: [ view_end ] --START--
INFO: ShowPageTrace Behavior ::run [ RunTime:0.001000s ]
INFO: [ view_end ] --END-- [ RunTime:0.001000s ]

[ 2015-08-14T12:41:12+08:00 ] 127.0.0.1 /index.php/admin/Index/left.html
INFO: [ route_check ] --START--
INFO: CheckRoute Behavior ::run [ RunTime:0.000000s ]
INFO: [ route_check ] --END-- [ RunTime:0.000000s ]
INFO: [ app_begin ] --START--
INFO: ReadHtmlCache Behavior ::run [ RunTime:0.001000s ]
INFO: [ app_begin ] --END-- [ RunTime:0.001000s ]
NOTIC: [8] A session had already been started - ignoring session_start() D:\phpStudy\WWW\cxtk\Sys\Common\functions.php 第 566 行.
NOTIC: [8] Constant THEME_NAME already defined D:\phpStudy\WWW\cxtk\Sys\Lib\Core\View.class.php 第 223 行.
NOTIC: [8] Constant THEME_PATH already defined D:\phpStudy\WWW\cxtk\Sys\Lib\Core\View.class.php 第 171 行.
NOTIC: [8] Constant APP_TMPL_PATH already defined D:\phpStudy\WWW\cxtk\Sys\Lib\Core\View.class.php 第 172 行.
INFO: [ view_parse ] --START--
NOTIC: [8] Undefined index: siteid D:\phpStudy\WWW\cxtk\cxtk_wx\Runtime\Cache\Admin\f610a27eb109af96645ab7a09dcd79f0.php 第 2 行.
SQL: SHOW COLUMNS FROM `wx_site` [ RunTime:0.004000s ]
SQL: SELECT `module` FROM `wx_site`  [ RunTime:0.001001s ]
ERR: 1054:Unknown column 'module' in 'field list'
 [ SQL语句 ] : SELECT `module` FROM `wx_site` 
SQL: SHOW COLUMNS FROM `wx_modules` [ RunTime:0.007000s ]
ERR: 1146:Table 'cxtk_wx.wx_modules' doesn't exist
 [ SQL语句 ] : SHOW COLUMNS FROM `wx_modules`
SQL: SELECT `url` FROM `wx_modules` WHERE ( `mid` = '' )  [ RunTime:0.000000s ]
ERR: 1146:Table 'cxtk_wx.wx_modules' doesn't exist
 [ SQL语句 ] : SELECT `url` FROM `wx_modules` WHERE ( `mid` = '' ) 
NOTIC: [8] Undefined variable: reurl D:\phpStudy\WWW\cxtk\cxtk_wx\Runtime\Cache\Admin\f610a27eb109af96645ab7a09dcd79f0.php 第 2 行.
INFO: ParseTemplate Behavior ::run [ RunTime:0.167010s ]
INFO: [ view_parse ] --END-- [ RunTime:0.167010s ]
INFO: [ view_filter ] --START--
INFO: ContentReplace Behavior ::run [ RunTime:0.001000s ]
INFO: TokenBuild Behavior ::run [ RunTime:0.000000s ]
INFO: WriteHtmlCache Behavior ::run [ RunTime:0.000000s ]
INFO: ShowRuntime Behavior ::run [ RunTime:0.001000s ]
INFO: [ view_filter ] --END-- [ RunTime:0.002000s ]
INFO: [ view_end ] --START--
INFO: ShowPageTrace Behavior ::run [ RunTime:0.001000s ]
INFO: [ view_end ] --END-- [ RunTime:0.001000s ]

[ 2015-08-14T12:41:13+08:00 ] 127.0.0.1 /index.php/admin/Index/main.html
INFO: [ route_check ] --START--
INFO: CheckRoute Behavior ::run [ RunTime:0.001000s ]
INFO: [ route_check ] --END-- [ RunTime:0.001000s ]
INFO: [ app_begin ] --START--
INFO: ReadHtmlCache Behavior ::run [ RunTime:0.001000s ]
INFO: [ app_begin ] --END-- [ RunTime:0.001000s ]
NOTIC: [8] A session had already been started - ignoring session_start() D:\phpStudy\WWW\cxtk\Sys\Common\functions.php 第 566 行.
NOTIC: [8] Constant THEME_NAME already defined D:\phpStudy\WWW\cxtk\Sys\Lib\Core\View.class.php 第 223 行.
NOTIC: [8] Constant THEME_PATH already defined D:\phpStudy\WWW\cxtk\Sys\Lib\Core\View.class.php 第 171 行.
NOTIC: [8] Constant APP_TMPL_PATH already defined D:\phpStudy\WWW\cxtk\Sys\Lib\Core\View.class.php 第 172 行.
INFO: [ view_parse ] --START--
INFO: ParseTemplate Behavior ::run [ RunTime:0.151008s ]
INFO: [ view_parse ] --END-- [ RunTime:0.151008s ]
INFO: [ view_filter ] --START--
INFO: ContentReplace Behavior ::run [ RunTime:0.001000s ]
INFO: TokenBuild Behavior ::run [ RunTime:0.000000s ]
INFO: WriteHtmlCache Behavior ::run [ RunTime:0.000000s ]
INFO: ShowRuntime Behavior ::run [ RunTime:0.001000s ]
INFO: [ view_filter ] --END-- [ RunTime:0.002000s ]
INFO: [ view_end ] --START--
INFO: ShowPageTrace Behavior ::run [ RunTime:0.000000s ]
INFO: [ view_end ] --END-- [ RunTime:0.000000s ]

[ 2015-08-14T12:41:13+08:00 ] 127.0.0.1 /index.php/admin/Index/style.css
INFO: [ route_check ] --START--
INFO: CheckRoute Behavior ::run [ RunTime:0.001000s ]
INFO: [ route_check ] --END-- [ RunTime:0.001000s ]
INFO: [ app_begin ] --START--
INFO: ReadHtmlCache Behavior ::run [ RunTime:0.001000s ]
INFO: [ app_begin ] --END-- [ RunTime:0.001000s ]
NOTIC: [8] A session had already been started - ignoring session_start() D:\phpStudy\WWW\cxtk\Sys\Common\functions.php 第 566 行.
ERR: 非法操作:style.css

[ 2015-08-14T12:43:54+08:00 ] 127.0.0.1 /index.php/admin/web_site/web_site_flash.html
INFO: [ route_check ] --START--
INFO: CheckRoute Behavior ::run [ RunTime:0.001000s ]
INFO: [ route_check ] --END-- [ RunTime:0.001000s ]
INFO: [ app_begin ] --START--
INFO: ReadHtmlCache Behavior ::run [ RunTime:0.001000s ]
INFO: [ app_begin ] --END-- [ RunTime:0.001000s ]
NOTIC: [8] A session had already been started - ignoring session_start() D:\phpStudy\WWW\cxtk\Sys\Common\functions.php 第 566 行.
SQL: SHOW COLUMNS FROM `wx_flash` [ RunTime:0.079004s ]
SQL: SELECT * FROM `wx_flash` WHERE ( `type` = 'a' )  [ RunTime:0.001000s ]
INFO: [ view_parse ] --START--
NOTIC: [8] Undefined index: width D:\phpStudy\WWW\cxtk\cxtk_wx\Runtime\Cache\Admin\7b7afc597b3f03cfbe6520d693ebb3bf.php 第 52 行.
NOTIC: [8] Undefined index: height D:\phpStudy\WWW\cxtk\cxtk_wx\Runtime\Cache\Admin\7b7afc597b3f03cfbe6520d693ebb3bf.php 第 52 行.
NOTIC: [8] Undefined variable: page D:\phpStudy\WWW\cxtk\cxtk_wx\Runtime\Cache\Admin\7b7afc597b3f03cfbe6520d693ebb3bf.php 第 76 行.
INFO: ParseTemplate Behavior ::run [ RunTime:0.044003s ]
INFO: [ view_parse ] --END-- [ RunTime:0.044003s ]
INFO: [ view_filter ] --START--
INFO: ContentReplace Behavior ::run [ RunTime:0.001000s ]
INFO: TokenBuild Behavior ::run [ RunTime:0.000000s ]
INFO: WriteHtmlCache Behavior ::run [ RunTime:0.001000s ]
INFO: ShowRuntime Behavior ::run [ RunTime:0.000000s ]
INFO: [ view_filter ] --END-- [ RunTime:0.002000s ]
INFO: [ view_end ] --START--
INFO: ShowPageTrace Behavior ::run [ RunTime:0.001000s ]
INFO: [ view_end ] --END-- [ RunTime:0.001000s ]

[ 2015-08-14T12:43:57+08:00 ] 127.0.0.1 /index.php/admin/web_site/web_flash_edit?id=20
INFO: [ route_check ] --START--
INFO: CheckRoute Behavior ::run [ RunTime:0.000000s ]
INFO: [ route_check ] --END-- [ RunTime:0.002000s ]
INFO: [ app_begin ] --START--
INFO: ReadHtmlCache Behavior ::run [ RunTime:0.000000s ]
INFO: [ app_begin ] --END-- [ RunTime:0.001000s ]
NOTIC: [8] A session had already been started - ignoring session_start() D:\phpStudy\WWW\cxtk\Sys\Common\functions.php 第 566 行.
SQL: SHOW COLUMNS FROM `wx_flash` [ RunTime:0.003001s ]
SQL: SELECT * FROM `wx_flash` WHERE ( id = '20' ) LIMIT 1   [ RunTime:0.000000s ]
INFO: [ view_parse ] --START--
INFO: ParseTemplate Behavior ::run [ RunTime:0.040002s ]
INFO: [ view_parse ] --END-- [ RunTime:0.040002s ]
INFO: [ view_filter ] --START--
INFO: ContentReplace Behavior ::run [ RunTime:0.001000s ]
INFO: TokenBuild Behavior ::run [ RunTime:0.001000s ]
INFO: WriteHtmlCache Behavior ::run [ RunTime:0.000000s ]
INFO: ShowRuntime Behavior ::run [ RunTime:0.000000s ]
INFO: [ view_filter ] --END-- [ RunTime:0.003000s ]
INFO: [ view_end ] --START--
INFO: ShowPageTrace Behavior ::run [ RunTime:0.001000s ]
INFO: [ view_end ] --END-- [ RunTime:0.001000s ]

[ 2015-08-14T12:44:00+08:00 ] 127.0.0.1 /index.php/admin/web_site/column_index.html
INFO: [ route_check ] --START--
INFO: CheckRoute Behavior ::run [ RunTime:0.000000s ]
INFO: [ route_check ] --END-- [ RunTime:0.000000s ]
INFO: [ app_begin ] --START--
INFO: ReadHtmlCache Behavior ::run [ RunTime:0.001000s ]
INFO: [ app_begin ] --END-- [ RunTime:0.001000s ]
NOTIC: [8] A session had already been started - ignoring session_start() D:\phpStudy\WWW\cxtk\Sys\Common\functions.php 第 566 行.
NOTIC: [8] Undefined index: siteid D:\phpStudy\WWW\cxtk\cxtk_wx\Modules\Admin\Action\web_siteAction.class.php 第 318 行.
SQL: SHOW COLUMNS FROM `wx_web_cate` [ RunTime:0.077005s ]
SQL: SELECT COUNT(*) AS tp_count FROM `wx_web_cate` WHERE ( `pid` = 0 ) AND ( `state` = 1 ) LIMIT 1   [ RunTime:0.008000s ]
SQL: SELECT * FROM `wx_web_cate` WHERE ( `pid` = 0 ) AND ( `state` = 1 ) ORDER BY sort DESC LIMIT 0,8   [ RunTime:0.000000s ]
INFO: [ view_parse ] --START--
NOTIC: [8] Undefined index: width D:\phpStudy\WWW\cxtk\cxtk_wx\Runtime\Cache\Admin\d06d871c42ba0b3bdff00661dead245e.php 第 52 行.
NOTIC: [8] Undefined index: height D:\phpStudy\WWW\cxtk\cxtk_wx\Runtime\Cache\Admin\d06d871c42ba0b3bdff00661dead245e.php 第 52 行.
NOTIC: [8] Undefined index: width D:\phpStudy\WWW\cxtk\cxtk_wx\Runtime\Cache\Admin\d06d871c42ba0b3bdff00661dead245e.php 第 52 行.
NOTIC: [8] Undefined index: height D:\phpStudy\WWW\cxtk\cxtk_wx\Runtime\Cache\Admin\d06d871c42ba0b3bdff00661dead245e.php 第 52 行.
INFO: ParseTemplate Behavior ::run [ RunTime:0.030002s ]
INFO: [ view_parse ] --END-- [ RunTime:0.030002s ]
INFO: [ view_filter ] --START--
INFO: ContentReplace Behavior ::run [ RunTime:0.000000s ]
INFO: TokenBuild Behavior ::run [ RunTime:0.001000s ]
INFO: WriteHtmlCache Behavior ::run [ RunTime:0.000000s ]
INFO: ShowRuntime Behavior ::run [ RunTime:0.001000s ]
INFO: [ view_filter ] --END-- [ RunTime:0.002000s ]
INFO: [ view_end ] --START--
INFO: ShowPageTrace Behavior ::run [ RunTime:0.000000s ]
INFO: [ view_end ] --END-- [ RunTime:0.000000s ]

[ 2015-08-14T12:49:18+08:00 ] 127.0.0.1 /index.php/admin/web_site/web_site_flash.html
INFO: [ route_check ] --START--
INFO: CheckRoute Behavior ::run [ RunTime:0.001000s ]
INFO: [ route_check ] --END-- [ RunTime:0.001000s ]
INFO: [ app_begin ] --START--
INFO: ReadHtmlCache Behavior ::run [ RunTime:0.001000s ]
INFO: [ app_begin ] --END-- [ RunTime:0.001000s ]
NOTIC: [8] A session had already been started - ignoring session_start() D:\phpStudy\WWW\cxtk\Sys\Common\functions.php 第 566 行.
SQL: SHOW COLUMNS FROM `wx_flash` [ RunTime:0.004000s ]
SQL: SELECT * FROM `wx_flash` WHERE ( `type` = 'a' )  [ RunTime:0.001000s ]
INFO: [ view_parse ] --START--
NOTIC: [8] Undefined index: width D:\phpStudy\WWW\cxtk\cxtk_wx\Runtime\Cache\Admin\7b7afc597b3f03cfbe6520d693ebb3bf.php 第 52 行.
NOTIC: [8] Undefined index: height D:\phpStudy\WWW\cxtk\cxtk_wx\Runtime\Cache\Admin\7b7afc597b3f03cfbe6520d693ebb3bf.php 第 52 行.
NOTIC: [8] Undefined variable: page D:\phpStudy\WWW\cxtk\cxtk_wx\Runtime\Cache\Admin\7b7afc597b3f03cfbe6520d693ebb3bf.php 第 76 行.
INFO: ParseTemplate Behavior ::run [ RunTime:0.026001s ]
INFO: [ view_parse ] --END-- [ RunTime:0.026001s ]
INFO: [ view_filter ] --START--
INFO: ContentReplace Behavior ::run [ RunTime:0.000000s ]
INFO: TokenBuild Behavior ::run [ RunTime:0.001000s ]
INFO: WriteHtmlCache Behavior ::run [ RunTime:0.000000s ]
INFO: ShowRuntime Behavior ::run [ RunTime:0.000000s ]
INFO: [ view_filter ] --END-- [ RunTime:0.001000s ]
INFO: [ view_end ] --START--
INFO: ShowPageTrace Behavior ::run [ RunTime:0.001000s ]
INFO: [ view_end ] --END-- [ RunTime:0.001000s ]

[ 2015-08-14T12:49:20+08:00 ] 127.0.0.1 /index.php/admin/web_site/web_flash_edit?id=20
INFO: [ route_check ] --START--
INFO: CheckRoute Behavior ::run [ RunTime:0.000000s ]
INFO: [ route_check ] --END-- [ RunTime:0.000000s ]
INFO: [ app_begin ] --START--
INFO: ReadHtmlCache Behavior ::run [ RunTime:0.000000s ]
INFO: [ app_begin ] --END-- [ RunTime:0.000000s ]
NOTIC: [8] A session had already been started - ignoring session_start() D:\phpStudy\WWW\cxtk\Sys\Common\functions.php 第 566 行.
SQL: SHOW COLUMNS FROM `wx_flash` [ RunTime:0.003000s ]
SQL: SELECT * FROM `wx_flash` WHERE ( id = '20' ) LIMIT 1   [ RunTime:0.001001s ]
INFO: [ view_parse ] --START--
INFO: ParseTemplate Behavior ::run [ RunTime:0.008000s ]
INFO: [ view_parse ] --END-- [ RunTime:0.008000s ]
INFO: [ view_filter ] --START--
INFO: ContentReplace Behavior ::run [ RunTime:0.000000s ]
INFO: TokenBuild Behavior ::run [ RunTime:0.001000s ]
INFO: WriteHtmlCache Behavior ::run [ RunTime:0.000000s ]
INFO: ShowRuntime Behavior ::run [ RunTime:0.000000s ]
INFO: [ view_filter ] --END-- [ RunTime:0.001000s ]
INFO: [ view_end ] --START--
INFO: ShowPageTrace Behavior ::run [ RunTime:0.000000s ]
INFO: [ view_end ] --END-- [ RunTime:0.001000s ]

[ 2015-08-14T13:02:45+08:00 ] 127.0.0.1 /index.php/admin/web_site/column_index.html
INFO: [ route_check ] --START--
INFO: CheckRoute Behavior ::run [ RunTime:0.001000s ]
INFO: [ route_check ] --END-- [ RunTime:0.001000s ]
INFO: [ app_begin ] --START--
INFO: ReadHtmlCache Behavior ::run [ RunTime:0.000000s ]
INFO: [ app_begin ] --END-- [ RunTime:0.000000s ]
NOTIC: [8] A session had already been started - ignoring session_start() D:\phpStudy\WWW\cxtk\Sys\Common\functions.php 第 566 行.
NOTIC: [8] Undefined index: siteid D:\phpStudy\WWW\cxtk\cxtk_wx\Modules\Admin\Action\web_siteAction.class.php 第 215 行.
SQL: SHOW COLUMNS FROM `wx_web_cate` [ RunTime:0.003000s ]
SQL: SELECT COUNT(*) AS tp_count FROM `wx_web_cate` WHERE ( `pid` = 0 ) AND ( `state` = 1 ) LIMIT 1   [ RunTime:0.000000s ]
SQL: SELECT * FROM `wx_web_cate` WHERE ( `pid` = 0 ) AND ( `state` = 1 ) ORDER BY sort DESC LIMIT 0,8   [ RunTime:0.001000s ]
INFO: [ view_parse ] --START--
NOTIC: [8] Undefined index: width D:\phpStudy\WWW\cxtk\cxtk_wx\Runtime\Cache\Admin\d06d871c42ba0b3bdff00661dead245e.php 第 52 行.
NOTIC: [8] Undefined index: height D:\phpStudy\WWW\cxtk\cxtk_wx\Runtime\Cache\Admin\d06d871c42ba0b3bdff00661dead245e.php 第 52 行.
NOTIC: [8] Undefined index: width D:\phpStudy\WWW\cxtk\cxtk_wx\Runtime\Cache\Admin\d06d871c42ba0b3bdff00661dead245e.php 第 52 行.
NOTIC: [8] Undefined index: height D:\phpStudy\WWW\cxtk\cxtk_wx\Runtime\Cache\Admin\d06d871c42ba0b3bdff00661dead245e.php 第 52 行.
INFO: ParseTemplate Behavior ::run [ RunTime:0.011001s ]
INFO: [ view_parse ] --END-- [ RunTime:0.011001s ]
INFO: [ view_filter ] --START--
INFO: ContentReplace Behavior ::run [ RunTime:0.000000s ]
INFO: TokenBuild Behavior ::run [ RunTime:0.001000s ]
INFO: WriteHtmlCache Behavior ::run [ RunTime:0.000000s ]
INFO: ShowRuntime Behavior ::run [ RunTime:0.000000s ]
INFO: [ view_filter ] --END-- [ RunTime:0.001000s ]
INFO: [ view_end ] --START--
INFO: ShowPageTrace Behavior ::run [ RunTime:0.001000s ]
INFO: [ view_end ] --END-- [ RunTime:0.001000s ]

[ 2015-08-14T13:02:47+08:00 ] 127.0.0.1 /index.php/admin/web_site/web_site_flash.html
INFO: [ route_check ] --START--
INFO: CheckRoute Behavior ::run [ RunTime:0.000000s ]
INFO: [ route_check ] --END-- [ RunTime:0.000000s ]
INFO: [ app_begin ] --START--
INFO: ReadHtmlCache Behavior ::run [ RunTime:0.001000s ]
INFO: [ app_begin ] --END-- [ RunTime:0.001000s ]
NOTIC: [8] A session had already been started - ignoring session_start() D:\phpStudy\WWW\cxtk\Sys\Common\functions.php 第 566 行.
SQL: SHOW COLUMNS FROM `wx_flash` [ RunTime:0.003000s ]
SQL: SELECT * FROM `wx_flash` WHERE ( `type` = 'a' )  [ RunTime:0.000000s ]
INFO: [ view_parse ] --START--
NOTIC: [8] Undefined index: width D:\phpStudy\WWW\cxtk\cxtk_wx\Runtime\Cache\Admin\7b7afc597b3f03cfbe6520d693ebb3bf.php 第 52 行.
NOTIC: [8] Undefined index: height D:\phpStudy\WWW\cxtk\cxtk_wx\Runtime\Cache\Admin\7b7afc597b3f03cfbe6520d693ebb3bf.php 第 52 行.
NOTIC: [8] Undefined variable: page D:\phpStudy\WWW\cxtk\cxtk_wx\Runtime\Cache\Admin\7b7afc597b3f03cfbe6520d693ebb3bf.php 第 76 行.
INFO: ParseTemplate Behavior ::run [ RunTime:0.010001s ]
INFO: [ view_parse ] --END-- [ RunTime:0.010001s ]
INFO: [ view_filter ] --START--
INFO: ContentReplace Behavior ::run [ RunTime:0.000000s ]
INFO: TokenBuild Behavior ::run [ RunTime:0.001000s ]
INFO: WriteHtmlCache Behavior ::run [ RunTime:0.000000s ]
INFO: ShowRuntime Behavior ::run [ RunTime:0.000000s ]
INFO: [ view_filter ] --END-- [ RunTime:0.001000s ]
INFO: [ view_end ] --START--
INFO: ShowPageTrace Behavior ::run [ RunTime:0.001000s ]
INFO: [ view_end ] --END-- [ RunTime:0.001000s ]

[ 2015-08-14T13:02:53+08:00 ] 127.0.0.1 /index.php/admin/Index/style.css
INFO: [ route_check ] --START--
INFO: CheckRoute Behavior ::run [ RunTime:0.001000s ]
INFO: [ route_check ] --END-- [ RunTime:0.001000s ]
INFO: [ app_begin ] --START--
INFO: ReadHtmlCache Behavior ::run [ RunTime:0.001000s ]
INFO: [ app_begin ] --END-- [ RunTime:0.001000s ]
NOTIC: [8] A session had already been started - ignoring session_start() D:\phpStudy\WWW\cxtk\Sys\Common\functions.php 第 566 行.
ERR: 非法操作:style.css

[ 2015-08-14T13:07:29+08:00 ] 127.0.0.1 /index.php/admin/web_site/web_site_flash.html
INFO: [ route_check ] --START--
INFO: CheckRoute Behavior ::run [ RunTime:0.001000s ]
INFO: [ route_check ] --END-- [ RunTime:0.001000s ]
INFO: [ app_begin ] --START--
INFO: ReadHtmlCache Behavior ::run [ RunTime:0.001000s ]
INFO: [ app_begin ] --END-- [ RunTime:0.001000s ]
NOTIC: [8] A session had already been started - ignoring session_start() D:\phpStudy\WWW\cxtk\Sys\Common\functions.php 第 566 行.
SQL: SHOW COLUMNS FROM `wx_flash` [ RunTime:0.003000s ]
SQL: SELECT * FROM `wx_flash` WHERE ( `type` = 'a' )  [ RunTime:0.001000s ]
INFO: [ view_parse ] --START--
NOTIC: [8] Undefined index: width D:\phpStudy\WWW\cxtk\cxtk_wx\Runtime\Cache\Admin\7b7afc597b3f03cfbe6520d693ebb3bf.php 第 52 行.
NOTIC: [8] Undefined index: height D:\phpStudy\WWW\cxtk\cxtk_wx\Runtime\Cache\Admin\7b7afc597b3f03cfbe6520d693ebb3bf.php 第 52 行.
NOTIC: [8] Undefined variable: page D:\phpStudy\WWW\cxtk\cxtk_wx\Runtime\Cache\Admin\7b7afc597b3f03cfbe6520d693ebb3bf.php 第 73 行.
INFO: ParseTemplate Behavior ::run [ RunTime:0.009001s ]
INFO: [ view_parse ] --END-- [ RunTime:0.009001s ]
INFO: [ view_filter ] --START--
INFO: ContentReplace Behavior ::run [ RunTime:0.000000s ]
INFO: TokenBuild Behavior ::run [ RunTime:0.001000s ]
INFO: WriteHtmlCache Behavior ::run [ RunTime:0.000000s ]
INFO: ShowRuntime Behavior ::run [ RunTime:0.000000s ]
INFO: [ view_filter ] --END-- [ RunTime:0.002000s ]
INFO: [ view_end ] --START--
INFO: ShowPageTrace Behavior ::run [ RunTime:0.000000s ]
INFO: [ view_end ] --END-- [ RunTime:0.000000s ]

[ 2015-08-14T13:07:29+08:00 ] 127.0.0.1 /index.php/admin/web_site/column_index.html
INFO: [ route_check ] --START--
INFO: CheckRoute Behavior ::run [ RunTime:0.001000s ]
INFO: [ route_check ] --END-- [ RunTime:0.001000s ]
INFO: [ app_begin ] --START--
INFO: ReadHtmlCache Behavior ::run [ RunTime:0.001000s ]
INFO: [ app_begin ] --END-- [ RunTime:0.001000s ]
NOTIC: [8] A session had already been started - ignoring session_start() D:\phpStudy\WWW\cxtk\Sys\Common\functions.php 第 566 行.
NOTIC: [8] Undefined index: siteid D:\phpStudy\WWW\cxtk\cxtk_wx\Modules\Admin\Action\web_siteAction.class.php 第 215 行.
SQL: SHOW COLUMNS FROM `wx_web_cate` [ RunTime:0.003000s ]
SQL: SELECT COUNT(*) AS tp_count FROM `wx_web_cate` WHERE ( `pid` = 0 ) AND ( `state` = 1 ) LIMIT 1   [ RunTime:0.000000s ]
SQL: SELECT * FROM `wx_web_cate` WHERE ( `pid` = 0 ) AND ( `state` = 1 ) ORDER BY sort DESC LIMIT 0,8   [ RunTime:0.000000s ]
INFO: [ view_parse ] --START--
NOTIC: [8] Undefined index: width D:\phpStudy\WWW\cxtk\cxtk_wx\Runtime\Cache\Admin\d06d871c42ba0b3bdff00661dead245e.php 第 52 行.
NOTIC: [8] Undefined index: height D:\phpStudy\WWW\cxtk\cxtk_wx\Runtime\Cache\Admin\d06d871c42ba0b3bdff00661dead245e.php 第 52 行.
NOTIC: [8] Undefined index: width D:\phpStudy\WWW\cxtk\cxtk_wx\Runtime\Cache\Admin\d06d871c42ba0b3bdff00661dead245e.php 第 52 行.
NOTIC: [8] Undefined index: height D:\phpStudy\WWW\cxtk\cxtk_wx\Runtime\Cache\Admin\d06d871c42ba0b3bdff00661dead245e.php 第 52 行.
INFO: ParseTemplate Behavior ::run [ RunTime:0.009001s ]
INFO: [ view_parse ] --END-- [ RunTime:0.009001s ]
INFO: [ view_filter ] --START--
INFO: ContentReplace Behavior ::run [ RunTime:0.001000s ]
INFO: TokenBuild Behavior ::run [ RunTime:0.000000s ]
INFO: WriteHtmlCache Behavior ::run [ RunTime:0.000000s ]
INFO: ShowRuntime Behavior ::run [ RunTime:0.001000s ]
INFO: [ view_filter ] --END-- [ RunTime:0.002000s ]
INFO: [ view_end ] --START--
INFO: ShowPageTrace Behavior ::run [ RunTime:0.001000s ]
INFO: [ view_end ] --END-- [ RunTime:0.002000s ]

[ 2015-08-14T13:07:30+08:00 ] 127.0.0.1 /index.php/admin/web_form/form_index.html
INFO: [ route_check ] --START--
INFO: CheckRoute Behavior ::run [ RunTime:0.001000s ]
INFO: [ route_check ] --END-- [ RunTime:0.001000s ]
INFO: [ app_begin ] --START--
INFO: ReadHtmlCache Behavior ::run [ RunTime:0.001000s ]
INFO: [ app_begin ] --END-- [ RunTime:0.001000s ]
NOTIC: [8] A session had already been started - ignoring session_start() D:\phpStudy\WWW\cxtk\Sys\Common\functions.php 第 566 行.
ERR: 无法加载模块:web_form

[ 2015-08-14T13:07:30+08:00 ] 127.0.0.1 /index.php/admin/web_site/column_index.html
INFO: [ route_check ] --START--
INFO: CheckRoute Behavior ::run [ RunTime:0.000000s ]
INFO: [ route_check ] --END-- [ RunTime:0.000000s ]
INFO: [ app_begin ] --START--
INFO: ReadHtmlCache Behavior ::run [ RunTime:0.001000s ]
INFO: [ app_begin ] --END-- [ RunTime:0.001000s ]
NOTIC: [8] A session had already been started - ignoring session_start() D:\phpStudy\WWW\cxtk\Sys\Common\functions.php 第 566 行.
NOTIC: [8] Undefined index: siteid D:\phpStudy\WWW\cxtk\cxtk_wx\Modules\Admin\Action\web_siteAction.class.php 第 215 行.
SQL: SHOW COLUMNS FROM `wx_web_cate` [ RunTime:0.004000s ]
SQL: SELECT COUNT(*) AS tp_count FROM `wx_web_cate` WHERE ( `pid` = 0 ) AND ( `state` = 1 ) LIMIT 1   [ RunTime:0.000000s ]
SQL: SELECT * FROM `wx_web_cate` WHERE ( `pid` = 0 ) AND ( `state` = 1 ) ORDER BY sort DESC LIMIT 0,8   [ RunTime:0.001000s ]
INFO: [ view_parse ] --START--
NOTIC: [8] Undefined index: width D:\phpStudy\WWW\cxtk\cxtk_wx\Runtime\Cache\Admin\d06d871c42ba0b3bdff00661dead245e.php 第 52 行.
NOTIC: [8] Undefined index: height D:\phpStudy\WWW\cxtk\cxtk_wx\Runtime\Cache\Admin\d06d871c42ba0b3bdff00661dead245e.php 第 52 行.
NOTIC: [8] Undefined index: width D:\phpStudy\WWW\cxtk\cxtk_wx\Runtime\Cache\Admin\d06d871c42ba0b3bdff00661dead245e.php 第 52 行.
NOTIC: [8] Undefined index: height D:\phpStudy\WWW\cxtk\cxtk_wx\Runtime\Cache\Admin\d06d871c42ba0b3bdff00661dead245e.php 第 52 行.
INFO: ParseTemplate Behavior ::run [ RunTime:0.009001s ]
INFO: [ view_parse ] --END-- [ RunTime:0.009001s ]
INFO: [ view_filter ] --START--
INFO: ContentReplace Behavior ::run [ RunTime:0.000000s ]
INFO: TokenBuild Behavior ::run [ RunTime:0.000000s ]
INFO: WriteHtmlCache Behavior ::run [ RunTime:0.001000s ]
INFO: ShowRuntime Behavior ::run [ RunTime:0.000000s ]
INFO: [ view_filter ] --END-- [ RunTime:0.002000s ]
INFO: [ view_end ] --START--
INFO: ShowPageTrace Behavior ::run [ RunTime:0.001000s ]
INFO: [ view_end ] --END-- [ RunTime:0.001000s ]

[ 2015-08-14T13:07:31+08:00 ] 127.0.0.1 /index.php/admin/web_site/web_site_flash.html
INFO: [ route_check ] --START--
INFO: CheckRoute Behavior ::run [ RunTime:0.001000s ]
INFO: [ route_check ] --END-- [ RunTime:0.001000s ]
INFO: [ app_begin ] --START--
INFO: ReadHtmlCache Behavior ::run [ RunTime:0.001000s ]
INFO: [ app_begin ] --END-- [ RunTime:0.001000s ]
NOTIC: [8] A session had already been started - ignoring session_start() D:\phpStudy\WWW\cxtk\Sys\Common\functions.php 第 566 行.
SQL: SHOW COLUMNS FROM `wx_flash` [ RunTime:0.005000s ]
SQL: SELECT * FROM `wx_flash` WHERE ( `type` = 'a' )  [ RunTime:0.000000s ]
INFO: [ view_parse ] --START--
NOTIC: [8] Undefined index: width D:\phpStudy\WWW\cxtk\cxtk_wx\Runtime\Cache\Admin\7b7afc597b3f03cfbe6520d693ebb3bf.php 第 52 行.
NOTIC: [8] Undefined index: height D:\phpStudy\WWW\cxtk\cxtk_wx\Runtime\Cache\Admin\7b7afc597b3f03cfbe6520d693ebb3bf.php 第 52 行.
NOTIC: [8] Undefined variable: page D:\phpStudy\WWW\cxtk\cxtk_wx\Runtime\Cache\Admin\7b7afc597b3f03cfbe6520d693ebb3bf.php 第 73 行.
INFO: ParseTemplate Behavior ::run [ RunTime:0.120007s ]
INFO: [ view_parse ] --END-- [ RunTime:0.120007s ]
INFO: [ view_filter ] --START--
INFO: ContentReplace Behavior ::run [ RunTime:0.000000s ]
INFO: TokenBuild Behavior ::run [ RunTime:0.001000s ]
INFO: WriteHtmlCache Behavior ::run [ RunTime:0.000000s ]
INFO: ShowRuntime Behavior ::run [ RunTime:0.001000s ]
INFO: [ view_filter ] --END-- [ RunTime:0.002000s ]
INFO: [ view_end ] --START--
INFO: ShowPageTrace Behavior ::run [ RunTime:0.001000s ]
INFO: [ view_end ] --END-- [ RunTime:0.001000s ]

[ 2015-08-14T13:08:01+08:00 ] 127.0.0.1 /index.php/admin/web_site/column_index.html
INFO: [ route_check ] --START--
INFO: CheckRoute Behavior ::run [ RunTime:0.000000s ]
INFO: [ route_check ] --END-- [ RunTime:0.000000s ]
INFO: [ app_begin ] --START--
INFO: ReadHtmlCache Behavior ::run [ RunTime:0.002000s ]
INFO: [ app_begin ] --END-- [ RunTime:0.002000s ]
NOTIC: [8] A session had already been started - ignoring session_start() D:\phpStudy\WWW\cxtk\Sys\Common\functions.php 第 566 行.
NOTIC: [8] Undefined index: siteid D:\phpStudy\WWW\cxtk\cxtk_wx\Modules\Admin\Action\web_siteAction.class.php 第 215 行.
SQL: SHOW COLUMNS FROM `wx_web_cate` [ RunTime:0.003000s ]
SQL: SELECT COUNT(*) AS tp_count FROM `wx_web_cate` WHERE ( `pid` = 0 ) AND ( `state` = 1 ) LIMIT 1   [ RunTime:0.003000s ]
SQL: SELECT * FROM `wx_web_cate` WHERE ( `pid` = 0 ) AND ( `state` = 1 ) ORDER BY sort DESC LIMIT 0,8   [ RunTime:0.000000s ]
INFO: [ view_parse ] --START--
NOTIC: [8] Undefined index: width D:\phpStudy\WWW\cxtk\cxtk_wx\Runtime\Cache\Admin\d06d871c42ba0b3bdff00661dead245e.php 第 52 行.
NOTIC: [8] Undefined index: height D:\phpStudy\WWW\cxtk\cxtk_wx\Runtime\Cache\Admin\d06d871c42ba0b3bdff00661dead245e.php 第 52 行.
NOTIC: [8] Undefined index: width D:\phpStudy\WWW\cxtk\cxtk_wx\Runtime\Cache\Admin\d06d871c42ba0b3bdff00661dead245e.php 第 52 行.
NOTIC: [8] Undefined index: height D:\phpStudy\WWW\cxtk\cxtk_wx\Runtime\Cache\Admin\d06d871c42ba0b3bdff00661dead245e.php 第 52 行.
INFO: ParseTemplate Behavior ::run [ RunTime:0.009001s ]
INFO: [ view_parse ] --END-- [ RunTime:0.009001s ]
INFO: [ view_filter ] --START--
INFO: ContentReplace Behavior ::run [ RunTime:0.001000s ]
INFO: TokenBuild Behavior ::run [ RunTime:0.000000s ]
INFO: WriteHtmlCache Behavior ::run [ RunTime:0.001000s ]
INFO: ShowRuntime Behavior ::run [ RunTime:0.001000s ]
INFO: [ view_filter ] --END-- [ RunTime:0.003000s ]
INFO: [ view_end ] --START--
INFO: ShowPageTrace Behavior ::run [ RunTime:0.001000s ]
INFO: [ view_end ] --END-- [ RunTime:0.001000s ]

[ 2015-08-14T13:08:01+08:00 ] 127.0.0.1 /index.php/admin/web_site/web_site_flash.html
INFO: [ route_check ] --START--
INFO: CheckRoute Behavior ::run [ RunTime:0.000000s ]
INFO: [ route_check ] --END-- [ RunTime:0.000000s ]
INFO: [ app_begin ] --START--
INFO: ReadHtmlCache Behavior ::run [ RunTime:0.000000s ]
INFO: [ app_begin ] --END-- [ RunTime:0.000000s ]
NOTIC: [8] A session had already been started - ignoring session_start() D:\phpStudy\WWW\cxtk\Sys\Common\functions.php 第 566 行.
SQL: SHOW COLUMNS FROM `wx_flash` [ RunTime:0.004000s ]
SQL: SELECT * FROM `wx_flash` WHERE ( `type` = 'a' )  [ RunTime:0.000000s ]
INFO: [ view_parse ] --START--
NOTIC: [8] Undefined index: width D:\phpStudy\WWW\cxtk\cxtk_wx\Runtime\Cache\Admin\7b7afc597b3f03cfbe6520d693ebb3bf.php 第 52 行.
NOTIC: [8] Undefined index: height D:\phpStudy\WWW\cxtk\cxtk_wx\Runtime\Cache\Admin\7b7afc597b3f03cfbe6520d693ebb3bf.php 第 52 行.
NOTIC: [8] Undefined variable: page D:\phpStudy\WWW\cxtk\cxtk_wx\Runtime\Cache\Admin\7b7afc597b3f03cfbe6520d693ebb3bf.php 第 73 行.
INFO: ParseTemplate Behavior ::run [ RunTime:0.009000s ]
INFO: [ view_parse ] --END-- [ RunTime:0.009000s ]
INFO: [ view_filter ] --START--
INFO: ContentReplace Behavior ::run [ RunTime:0.001000s ]
INFO: TokenBuild Behavior ::run [ RunTime:0.000000s ]
INFO: WriteHtmlCache Behavior ::run [ RunTime:0.001000s ]
INFO: ShowRuntime Behavior ::run [ RunTime:0.000000s ]
INFO: [ view_filter ] --END-- [ RunTime:0.002000s ]
INFO: [ view_end ] --START--
INFO: ShowPageTrace Behavior ::run [ RunTime:0.001000s ]
INFO: [ view_end ] --END-- [ RunTime:0.001000s ]

[ 2015-08-14T13:08:02+08:00 ] 127.0.0.1 /index.php/admin/web_site/column_index.html
INFO: [ route_check ] --START--
INFO: CheckRoute Behavior ::run [ RunTime:0.001000s ]
INFO: [ route_check ] --END-- [ RunTime:0.001000s ]
INFO: [ app_begin ] --START--
INFO: ReadHtmlCache Behavior ::run [ RunTime:0.001000s ]
INFO: [ app_begin ] --END-- [ RunTime:0.001000s ]
NOTIC: [8] A session had already been started - ignoring session_start() D:\phpStudy\WWW\cxtk\Sys\Common\functions.php 第 566 行.
NOTIC: [8] Undefined index: siteid D:\phpStudy\WWW\cxtk\cxtk_wx\Modules\Admin\Action\web_siteAction.class.php 第 215 行.
SQL: SHOW COLUMNS FROM `wx_web_cate` [ RunTime:0.003001s ]
SQL: SELECT COUNT(*) AS tp_count FROM `wx_web_cate` WHERE ( `pid` = 0 ) AND ( `state` = 1 ) LIMIT 1   [ RunTime:0.000000s ]
SQL: SELECT * FROM `wx_web_cate` WHERE ( `pid` = 0 ) AND ( `state` = 1 ) ORDER BY sort DESC LIMIT 0,8   [ RunTime:0.000000s ]
INFO: [ view_parse ] --START--
NOTIC: [8] Undefined index: width D:\phpStudy\WWW\cxtk\cxtk_wx\Runtime\Cache\Admin\d06d871c42ba0b3bdff00661dead245e.php 第 52 行.
NOTIC: [8] Undefined index: height D:\phpStudy\WWW\cxtk\cxtk_wx\Runtime\Cache\Admin\d06d871c42ba0b3bdff00661dead245e.php 第 52 行.
NOTIC: [8] Undefined index: width D:\phpStudy\WWW\cxtk\cxtk_wx\Runtime\Cache\Admin\d06d871c42ba0b3bdff00661dead245e.php 第 52 行.
NOTIC: [8] Undefined index: height D:\phpStudy\WWW\cxtk\cxtk_wx\Runtime\Cache\Admin\d06d871c42ba0b3bdff00661dead245e.php 第 52 行.
INFO: ParseTemplate Behavior ::run [ RunTime:0.009000s ]
INFO: [ view_parse ] --END-- [ RunTime:0.009000s ]
INFO: [ view_filter ] --START--
INFO: ContentReplace Behavior ::run [ RunTime:0.000000s ]
INFO: TokenBuild Behavior ::run [ RunTime:0.001000s ]
INFO: WriteHtmlCache Behavior ::run [ RunTime:0.000000s ]
INFO: ShowRuntime Behavior ::run [ RunTime:0.001000s ]
INFO: [ view_filter ] --END-- [ RunTime:0.002000s ]
INFO: [ view_end ] --START--
INFO: ShowPageTrace Behavior ::run [ RunTime:0.000000s ]
INFO: [ view_end ] --END-- [ RunTime:0.000000s ]

[ 2015-08-14T13:08:02+08:00 ] 127.0.0.1 /index.php/admin/web_site/web_site_flash.html
INFO: [ route_check ] --START--
INFO: CheckRoute Behavior ::run [ RunTime:0.000000s ]
INFO: [ route_check ] --END-- [ RunTime:0.000000s ]
INFO: [ app_begin ] --START--
INFO: ReadHtmlCache Behavior ::run [ RunTime:0.001000s ]
INFO: [ app_begin ] --END-- [ RunTime:0.001000s ]
NOTIC: [8] A session had already been started - ignoring session_start() D:\phpStudy\WWW\cxtk\Sys\Common\functions.php 第 566 行.
SQL: SHOW COLUMNS FROM `wx_flash` [ RunTime:0.004000s ]
SQL: SELECT * FROM `wx_flash` WHERE ( `type` = 'a' )  [ RunTime:0.000000s ]
INFO: [ view_parse ] --START--
NOTIC: [8] Undefined index: width D:\phpStudy\WWW\cxtk\cxtk_wx\Runtime\Cache\Admin\7b7afc597b3f03cfbe6520d693ebb3bf.php 第 52 行.
NOTIC: [8] Undefined index: height D:\phpStudy\WWW\cxtk\cxtk_wx\Runtime\Cache\Admin\7b7afc597b3f03cfbe6520d693ebb3bf.php 第 52 行.
NOTIC: [8] Undefined variable: page D:\phpStudy\WWW\cxtk\cxtk_wx\Runtime\Cache\Admin\7b7afc597b3f03cfbe6520d693ebb3bf.php 第 73 行.
INFO: ParseTemplate Behavior ::run [ RunTime:0.010001s ]
INFO: [ view_parse ] --END-- [ RunTime:0.010001s ]
INFO: [ view_filter ] --START--
INFO: ContentReplace Behavior ::run [ RunTime:0.001000s ]
INFO: TokenBuild Behavior ::run [ RunTime:0.000000s ]
INFO: WriteHtmlCache Behavior ::run [ RunTime:0.001000s ]
INFO: ShowRuntime Behavior ::run [ RunTime:0.000000s ]
INFO: [ view_filter ] --END-- [ RunTime:0.002000s ]
INFO: [ view_end ] --START--
INFO: ShowPageTrace Behavior ::run [ RunTime:0.000000s ]
INFO: [ view_end ] --END-- [ RunTime:0.000000s ]

[ 2015-08-14T13:08:03+08:00 ] 127.0.0.1 /index.php/admin/web_site/column_index.html
INFO: [ route_check ] --START--
INFO: CheckRoute Behavior ::run [ RunTime:0.001000s ]
INFO: [ route_check ] --END-- [ RunTime:0.001000s ]
INFO: [ app_begin ] --START--
INFO: ReadHtmlCache Behavior ::run [ RunTime:0.001000s ]
INFO: [ app_begin ] --END-- [ RunTime:0.001000s ]
NOTIC: [8] A session had already been started - ignoring session_start() D:\phpStudy\WWW\cxtk\Sys\Common\functions.php 第 566 行.
NOTIC: [8] Undefined index: siteid D:\phpStudy\WWW\cxtk\cxtk_wx\Modules\Admin\Action\web_siteAction.class.php 第 215 行.
SQL: SHOW COLUMNS FROM `wx_web_cate` [ RunTime:0.003000s ]
SQL: SELECT COUNT(*) AS tp_count FROM `wx_web_cate` WHERE ( `pid` = 0 ) AND ( `state` = 1 ) LIMIT 1   [ RunTime:0.000000s ]
SQL: SELECT * FROM `wx_web_cate` WHERE ( `pid` = 0 ) AND ( `state` = 1 ) ORDER BY sort DESC LIMIT 0,8   [ RunTime:0.000000s ]
INFO: [ view_parse ] --START--
NOTIC: [8] Undefined index: width D:\phpStudy\WWW\cxtk\cxtk_wx\Runtime\Cache\Admin\d06d871c42ba0b3bdff00661dead245e.php 第 52 行.
NOTIC: [8] Undefined index: height D:\phpStudy\WWW\cxtk\cxtk_wx\Runtime\Cache\Admin\d06d871c42ba0b3bdff00661dead245e.php 第 52 行.
NOTIC: [8] Undefined index: width D:\phpStudy\WWW\cxtk\cxtk_wx\Runtime\Cache\Admin\d06d871c42ba0b3bdff00661dead245e.php 第 52 行.
NOTIC: [8] Undefined index: height D:\phpStudy\WWW\cxtk\cxtk_wx\Runtime\Cache\Admin\d06d871c42ba0b3bdff00661dead245e.php 第 52 行.
INFO: ParseTemplate Behavior ::run [ RunTime:0.027002s ]
INFO: [ view_parse ] --END-- [ RunTime:0.027002s ]
INFO: [ view_filter ] --START--
INFO: ContentReplace Behavior ::run [ RunTime:0.001000s ]
INFO: TokenBuild Behavior ::run [ RunTime:0.000000s ]
INFO: WriteHtmlCache Behavior ::run [ RunTime:0.001000s ]
INFO: ShowRuntime Behavior ::run [ RunTime:0.000000s ]
INFO: [ view_filter ] --END-- [ RunTime:0.002000s ]
INFO: [ view_end ] --START--
INFO: ShowPageTrace Behavior ::run [ RunTime:0.001000s ]
INFO: [ view_end ] --END-- [ RunTime:0.001000s ]

[ 2015-08-14T13:08:03+08:00 ] 127.0.0.1 /index.php/admin/web_site/web_site_flash.html
INFO: [ route_check ] --START--
INFO: CheckRoute Behavior ::run [ RunTime:0.001000s ]
INFO: [ route_check ] --END-- [ RunTime:0.001000s ]
INFO: [ app_begin ] --START--
INFO: ReadHtmlCache Behavior ::run [ RunTime:0.001000s ]
INFO: [ app_begin ] --END-- [ RunTime:0.001000s ]
NOTIC: [8] A session had already been started - ignoring session_start() D:\phpStudy\WWW\cxtk\Sys\Common\functions.php 第 566 行.
SQL: SHOW COLUMNS FROM `wx_flash` [ RunTime:0.002000s ]
SQL: SELECT * FROM `wx_flash` WHERE ( `type` = 'a' )  [ RunTime:0.000000s ]
INFO: [ view_parse ] --START--
NOTIC: [8] Undefined index: width D:\phpStudy\WWW\cxtk\cxtk_wx\Runtime\Cache\Admin\7b7afc597b3f03cfbe6520d693ebb3bf.php 第 52 行.
NOTIC: [8] Undefined index: height D:\phpStudy\WWW\cxtk\cxtk_wx\Runtime\Cache\Admin\7b7afc597b3f03cfbe6520d693ebb3bf.php 第 52 行.
NOTIC: [8] Undefined variable: page D:\phpStudy\WWW\cxtk\cxtk_wx\Runtime\Cache\Admin\7b7afc597b3f03cfbe6520d693ebb3bf.php 第 73 行.
INFO: ParseTemplate Behavior ::run [ RunTime:0.009000s ]
INFO: [ view_parse ] --END-- [ RunTime:0.009000s ]
INFO: [ view_filter ] --START--
INFO: ContentReplace Behavior ::run [ RunTime:0.001000s ]
INFO: TokenBuild Behavior ::run [ RunTime:0.000000s ]
INFO: WriteHtmlCache Behavior ::run [ RunTime:0.000000s ]
INFO: ShowRuntime Behavior ::run [ RunTime:0.001000s ]
INFO: [ view_filter ] --END-- [ RunTime:0.002000s ]
INFO: [ view_end ] --START--
INFO: ShowPageTrace Behavior ::run [ RunTime:0.001000s ]
INFO: [ view_end ] --END-- [ RunTime:0.001000s ]

[ 2015-08-14T13:08:04+08:00 ] 127.0.0.1 /index.php/admin/web_site/index.html
INFO: [ route_check ] --START--
INFO: CheckRoute Behavior ::run [ RunTime:0.001001s ]
INFO: [ route_check ] --END-- [ RunTime:0.001001s ]
INFO: [ app_begin ] --START--
INFO: ReadHtmlCache Behavior ::run [ RunTime:0.000000s ]
INFO: [ app_begin ] --END-- [ RunTime:0.001000s ]
NOTIC: [8] A session had already been started - ignoring session_start() D:\phpStudy\WWW\cxtk\Sys\Common\functions.php 第 566 行.
NOTIC: [8] Undefined index: siteid D:\phpStudy\WWW\cxtk\cxtk_wx\Modules\Admin\Action\web_siteAction.class.php 第 6 行.
SQL: SHOW COLUMNS FROM `wx_web_config` [ RunTime:0.037002s ]
SQL: SELECT * FROM `wx_web_config` LIMIT 1   [ RunTime:0.000000s ]
INFO: [ view_parse ] --START--
NOTIC: [8] Undefined variable: image_url D:\phpStudy\WWW\cxtk\cxtk_wx\Runtime\Cache\Admin\74a50185ec3f3fedc8436cfa17f69344.php 第 83 行.
NOTIC: [8] Undefined variable: bg D:\phpStudy\WWW\cxtk\cxtk_wx\Runtime\Cache\Admin\74a50185ec3f3fedc8436cfa17f69344.php 第 83 行.
NOTIC: [8] Undefined variable: siteid D:\phpStudy\WWW\cxtk\cxtk_wx\Runtime\Cache\Admin\74a50185ec3f3fedc8436cfa17f69344.php 第 91 行.
INFO: ParseTemplate Behavior ::run [ RunTime:0.017001s ]
INFO: [ view_parse ] --END-- [ RunTime:0.017001s ]
INFO: [ view_filter ] --START--
INFO: ContentReplace Behavior ::run [ RunTime:0.001000s ]
INFO: TokenBuild Behavior ::run [ RunTime:0.000000s ]
INFO: WriteHtmlCache Behavior ::run [ RunTime:0.000000s ]
INFO: ShowRuntime Behavior ::run [ RunTime:0.002000s ]
INFO: [ view_filter ] --END-- [ RunTime:0.003000s ]
INFO: [ view_end ] --START--
INFO: ShowPageTrace Behavior ::run [ RunTime:0.000000s ]
INFO: [ view_end ] --END-- [ RunTime:0.000000s ]

[ 2015-08-14T13:08:07+08:00 ] 127.0.0.1 /index.php/admin/web_form/form_index.html
INFO: [ route_check ] --START--
INFO: CheckRoute Behavior ::run [ RunTime:0.002000s ]
INFO: [ route_check ] --END-- [ RunTime:0.002000s ]
INFO: [ app_begin ] --START--
INFO: ReadHtmlCache Behavior ::run [ RunTime:0.001000s ]
INFO: [ app_begin ] --END-- [ RunTime:0.001000s ]
NOTIC: [8] A session had already been started - ignoring session_start() D:\phpStudy\WWW\cxtk\Sys\Common\functions.php 第 566 行.
ERR: 无法加载模块:web_form

[ 2015-08-14T13:08:08+08:00 ] 127.0.0.1 /index.php/admin/web_form/form_index.html
INFO: [ route_check ] --START--
INFO: CheckRoute Behavior ::run [ RunTime:0.001000s ]
INFO: [ route_check ] --END-- [ RunTime:0.001000s ]
INFO: [ app_begin ] --START--
INFO: ReadHtmlCache Behavior ::run [ RunTime:0.000000s ]
INFO: [ app_begin ] --END-- [ RunTime:0.000000s ]
NOTIC: [8] A session had already been started - ignoring session_start() D:\phpStudy\WWW\cxtk\Sys\Common\functions.php 第 566 行.
ERR: 无法加载模块:web_form

[ 2015-08-14T13:08:08+08:00 ] 127.0.0.1 /index.php/admin/web_site/column_index.html
INFO: [ route_check ] --START--
INFO: CheckRoute Behavior ::run [ RunTime:0.001001s ]
INFO: [ route_check ] --END-- [ RunTime:0.001001s ]
INFO: [ app_begin ] --START--
INFO: ReadHtmlCache Behavior ::run [ RunTime:0.001000s ]
INFO: [ app_begin ] --END-- [ RunTime:0.001000s ]
NOTIC: [8] A session had already been started - ignoring session_start() D:\phpStudy\WWW\cxtk\Sys\Common\functions.php 第 566 行.
NOTIC: [8] Undefined index: siteid D:\phpStudy\WWW\cxtk\cxtk_wx\Modules\Admin\Action\web_siteAction.class.php 第 215 行.
SQL: SHOW COLUMNS FROM `wx_web_cate` [ RunTime:0.002000s ]
SQL: SELECT COUNT(*) AS tp_count FROM `wx_web_cate` WHERE ( `pid` = 0 ) AND ( `state` = 1 ) LIMIT 1   [ RunTime:0.000000s ]
SQL: SELECT * FROM `wx_web_cate` WHERE ( `pid` = 0 ) AND ( `state` = 1 ) ORDER BY sort DESC LIMIT 0,8   [ RunTime:0.000000s ]
INFO: [ view_parse ] --START--
NOTIC: [8] Undefined index: width D:\phpStudy\WWW\cxtk\cxtk_wx\Runtime\Cache\Admin\d06d871c42ba0b3bdff00661dead245e.php 第 52 行.
NOTIC: [8] Undefined index: height D:\phpStudy\WWW\cxtk\cxtk_wx\Runtime\Cache\Admin\d06d871c42ba0b3bdff00661dead245e.php 第 52 行.
NOTIC: [8] Undefined index: width D:\phpStudy\WWW\cxtk\cxtk_wx\Runtime\Cache\Admin\d06d871c42ba0b3bdff00661dead245e.php 第 52 行.
NOTIC: [8] Undefined index: height D:\phpStudy\WWW\cxtk\cxtk_wx\Runtime\Cache\Admin\d06d871c42ba0b3bdff00661dead245e.php 第 52 行.
INFO: ParseTemplate Behavior ::run [ RunTime:0.009001s ]
INFO: [ view_parse ] --END-- [ RunTime:0.009001s ]
INFO: [ view_filter ] --START--
INFO: ContentReplace Behavior ::run [ RunTime:0.000000s ]
INFO: TokenBuild Behavior ::run [ RunTime:0.001000s ]
INFO: WriteHtmlCache Behavior ::run [ RunTime:0.000000s ]
INFO: ShowRuntime Behavior ::run [ RunTime:0.000000s ]
INFO: [ view_filter ] --END-- [ RunTime:0.001000s ]
INFO: [ view_end ] --START--
INFO: ShowPageTrace Behavior ::run [ RunTime:0.000000s ]
INFO: [ view_end ] --END-- [ RunTime:0.000000s ]

[ 2015-08-14T13:08:09+08:00 ] 127.0.0.1 /index.php/admin/web_form/form_index.html
INFO: [ route_check ] --START--
INFO: CheckRoute Behavior ::run [ RunTime:0.001000s ]
INFO: [ route_check ] --END-- [ RunTime:0.001000s ]
INFO: [ app_begin ] --START--
INFO: ReadHtmlCache Behavior ::run [ RunTime:0.000000s ]
INFO: [ app_begin ] --END-- [ RunTime:0.000000s ]
NOTIC: [8] A session had already been started - ignoring session_start() D:\phpStudy\WWW\cxtk\Sys\Common\functions.php 第 566 行.
ERR: 无法加载模块:web_form

[ 2015-08-14T13:08:09+08:00 ] 127.0.0.1 /index.php/admin/web_form/form_index.html
INFO: [ route_check ] --START--
INFO: CheckRoute Behavior ::run [ RunTime:0.001000s ]
INFO: [ route_check ] --END-- [ RunTime:0.001000s ]
INFO: [ app_begin ] --START--
INFO: ReadHtmlCache Behavior ::run [ RunTime:0.000000s ]
INFO: [ app_begin ] --END-- [ RunTime:0.000000s ]
NOTIC: [8] A session had already been started - ignoring session_start() D:\phpStudy\WWW\cxtk\Sys\Common\functions.php 第 566 行.
ERR: 无法加载模块:web_form

[ 2015-08-14T13:08:10+08:00 ] 127.0.0.1 /index.php/admin/web_form/form_index.html
INFO: [ route_check ] --START--
INFO: CheckRoute Behavior ::run [ RunTime:0.000000s ]
INFO: [ route_check ] --END-- [ RunTime:0.000000s ]
INFO: [ app_begin ] --START--
INFO: ReadHtmlCache Behavior ::run [ RunTime:0.001000s ]
INFO: [ app_begin ] --END-- [ RunTime:0.001000s ]
NOTIC: [8] A session had already been started - ignoring session_start() D:\phpStudy\WWW\cxtk\Sys\Common\functions.php 第 566 行.
ERR: 无法加载模块:web_form

[ 2015-08-14T13:08:10+08:00 ] 127.0.0.1 /index.php/admin/web_form/form_index.html
INFO: [ route_check ] --START--
INFO: CheckRoute Behavior ::run [ RunTime:0.002000s ]
INFO: [ route_check ] --END-- [ RunTime:0.002000s ]
INFO: [ app_begin ] --START--
INFO: ReadHtmlCache Behavior ::run [ RunTime:0.001000s ]
INFO: [ app_begin ] --END-- [ RunTime:0.002000s ]
NOTIC: [8] A session had already been started - ignoring session_start() D:\phpStudy\WWW\cxtk\Sys\Common\functions.php 第 566 行.
ERR: 无法加载模块:web_form

[ 2015-08-14T13:08:10+08:00 ] 127.0.0.1 /index.php/admin/web_form/form_index.html
INFO: [ route_check ] --START--
INFO: CheckRoute Behavior ::run [ RunTime:0.001000s ]
INFO: [ route_check ] --END-- [ RunTime:0.001000s ]
INFO: [ app_begin ] --START--
INFO: ReadHtmlCache Behavior ::run [ RunTime:0.001000s ]
INFO: [ app_begin ] --END-- [ RunTime:0.001000s ]
NOTIC: [8] A session had already been started - ignoring session_start() D:\phpStudy\WWW\cxtk\Sys\Common\functions.php 第 566 行.
ERR: 无法加载模块:web_form

[ 2015-08-14T13:08:10+08:00 ] 127.0.0.1 /index.php/admin/web_form/form_index.html
INFO: [ route_check ] --START--
INFO: CheckRoute Behavior ::run [ RunTime:0.001000s ]
INFO: [ route_check ] --END-- [ RunTime:0.001000s ]
INFO: [ app_begin ] --START--
INFO: ReadHtmlCache Behavior ::run [ RunTime:0.000000s ]
INFO: [ app_begin ] --END-- [ RunTime:0.000000s ]
NOTIC: [8] A session had already been started - ignoring session_start() D:\phpStudy\WWW\cxtk\Sys\Common\functions.php 第 566 行.
ERR: 无法加载模块:web_form

[ 2015-08-14T13:08:11+08:00 ] 127.0.0.1 /index.php/admin/web_form/form_index.html
INFO: [ route_check ] --START--
INFO: CheckRoute Behavior ::run [ RunTime:0.000000s ]
INFO: [ route_check ] --END-- [ RunTime:0.000000s ]
INFO: [ app_begin ] --START--
INFO: ReadHtmlCache Behavior ::run [ RunTime:0.000000s ]
INFO: [ app_begin ] --END-- [ RunTime:0.001000s ]
NOTIC: [8] A session had already been started - ignoring session_start() D:\phpStudy\WWW\cxtk\Sys\Common\functions.php 第 566 行.
ERR: 无法加载模块:web_form

[ 2015-08-14T13:08:11+08:00 ] 127.0.0.1 /index.php/admin/web_form/form_index.html
INFO: [ route_check ] --START--
INFO: CheckRoute Behavior ::run [ RunTime:0.000000s ]
INFO: [ route_check ] --END-- [ RunTime:0.000000s ]
INFO: [ app_begin ] --START--
INFO: ReadHtmlCache Behavior ::run [ RunTime:0.001000s ]
INFO: [ app_begin ] --END-- [ RunTime:0.001000s ]
NOTIC: [8] A session had already been started - ignoring session_start() D:\phpStudy\WWW\cxtk\Sys\Common\functions.php 第 566 行.
ERR: 无法加载模块:web_form

[ 2015-08-14T13:09:07+08:00 ] 127.0.0.1 /index.php/admin/WeChat/index.html
INFO: [ route_check ] --START--
INFO: CheckRoute Behavior ::run [ RunTime:0.001000s ]
INFO: [ route_check ] --END-- [ RunTime:0.001000s ]
INFO: [ app_begin ] --START--
INFO: ReadHtmlCache Behavior ::run [ RunTime:0.001000s ]
INFO: [ app_begin ] --END-- [ RunTime:0.001000s ]
NOTIC: [8] A session had already been started - ignoring session_start() D:\phpStudy\WWW\cxtk\Sys\Common\functions.php 第 566 行.
NOTIC: [8] Undefined index: siteid D:\phpStudy\WWW\cxtk\cxtk_wx\Modules\Admin\Action\WeChatAction.class.php 第 6 行.
SQL: SHOW COLUMNS FROM `wx_api` [ RunTime:0.015000s ]
NOTIC: [8] Undefined index: site_id D:\phpStudy\WWW\cxtk\cxtk_wx\Modules\Admin\Action\WeChatAction.class.php 第 8 行.
SQL: SELECT * FROM `wx_api` LIMIT 1   [ RunTime:0.000000s ]
INFO: [ view_parse ] --START--
NOTIC: [8] Undefined variable: url D:\phpStudy\WWW\cxtk\cxtk_wx\Runtime\Cache\Admin\5e2867384bc92469b9d0b9cd318a7ca9.php 第 23 行.
INFO: ParseTemplate Behavior ::run [ RunTime:0.016000s ]
INFO: [ view_parse ] --END-- [ RunTime:0.016000s ]
INFO: [ view_filter ] --START--
INFO: ContentReplace Behavior ::run [ RunTime:0.001000s ]
INFO: TokenBuild Behavior ::run [ RunTime:0.000000s ]
INFO: WriteHtmlCache Behavior ::run [ RunTime:0.001001s ]
INFO: ShowRuntime Behavior ::run [ RunTime:0.000000s ]
INFO: [ view_filter ] --END-- [ RunTime:0.002001s ]
INFO: [ view_end ] --START--
INFO: ShowPageTrace Behavior ::run [ RunTime:0.001000s ]
INFO: [ view_end ] --END-- [ RunTime:0.001000s ]

[ 2015-08-14T13:09:08+08:00 ] 127.0.0.1 /index.php/admin/WeChat/index.html
INFO: [ route_check ] --START--
INFO: CheckRoute Behavior ::run [ RunTime:0.001000s ]
INFO: [ route_check ] --END-- [ RunTime:0.001000s ]
INFO: [ app_begin ] --START--
INFO: ReadHtmlCache Behavior ::run [ RunTime:0.001000s ]
INFO: [ app_begin ] --END-- [ RunTime:0.001000s ]
NOTIC: [8] A session had already been started - ignoring session_start() D:\phpStudy\WWW\cxtk\Sys\Common\functions.php 第 566 行.
NOTIC: [8] Undefined index: siteid D:\phpStudy\WWW\cxtk\cxtk_wx\Modules\Admin\Action\WeChatAction.class.php 第 6 行.
SQL: SHOW COLUMNS FROM `wx_api` [ RunTime:0.003000s ]
NOTIC: [8] Undefined index: site_id D:\phpStudy\WWW\cxtk\cxtk_wx\Modules\Admin\Action\WeChatAction.class.php 第 8 行.
SQL: SELECT * FROM `wx_api` LIMIT 1   [ RunTime:0.001000s ]
INFO: [ view_parse ] --START--
NOTIC: [8] Undefined variable: url D:\phpStudy\WWW\cxtk\cxtk_wx\Runtime\Cache\Admin\5e2867384bc92469b9d0b9cd318a7ca9.php 第 23 行.
INFO: ParseTemplate Behavior ::run [ RunTime:0.008001s ]
INFO: [ view_parse ] --END-- [ RunTime:0.008001s ]
INFO: [ view_filter ] --START--
INFO: ContentReplace Behavior ::run [ RunTime:0.000000s ]
INFO: TokenBuild Behavior ::run [ RunTime:0.001000s ]
INFO: WriteHtmlCache Behavior ::run [ RunTime:0.000000s ]
INFO: ShowRuntime Behavior ::run [ RunTime:0.000000s ]
INFO: [ view_filter ] --END-- [ RunTime:0.001000s ]
INFO: [ view_end ] --START--
INFO: ShowPageTrace Behavior ::run [ RunTime:0.000000s ]
INFO: [ view_end ] --END-- [ RunTime:0.000000s ]

[ 2015-08-14T13:09:09+08:00 ] 127.0.0.1 /index.php/admin/WeChat/index.html
INFO: [ route_check ] --START--
INFO: CheckRoute Behavior ::run [ RunTime:0.003001s ]
INFO: [ route_check ] --END-- [ RunTime:0.003001s ]
INFO: [ app_begin ] --START--
INFO: ReadHtmlCache Behavior ::run [ RunTime:0.000000s ]
INFO: [ app_begin ] --END-- [ RunTime:0.000000s ]
NOTIC: [8] A session had already been started - ignoring session_start() D:\phpStudy\WWW\cxtk\Sys\Common\functions.php 第 566 行.
NOTIC: [8] Undefined index: siteid D:\phpStudy\WWW\cxtk\cxtk_wx\Modules\Admin\Action\WeChatAction.class.php 第 6 行.
SQL: SHOW COLUMNS FROM `wx_api` [ RunTime:0.003000s ]
NOTIC: [8] Undefined index: site_id D:\phpStudy\WWW\cxtk\cxtk_wx\Modules\Admin\Action\WeChatAction.class.php 第 8 行.
SQL: SELECT * FROM `wx_api` LIMIT 1   [ RunTime:0.000000s ]
INFO: [ view_parse ] --START--
NOTIC: [8] Undefined variable: url D:\phpStudy\WWW\cxtk\cxtk_wx\Runtime\Cache\Admin\5e2867384bc92469b9d0b9cd318a7ca9.php 第 23 行.
INFO: ParseTemplate Behavior ::run [ RunTime:0.007001s ]
INFO: [ view_parse ] --END-- [ RunTime:0.007001s ]
INFO: [ view_filter ] --START--
INFO: ContentReplace Behavior ::run [ RunTime:0.001000s ]
INFO: TokenBuild Behavior ::run [ RunTime:0.000000s ]
INFO: WriteHtmlCache Behavior ::run [ RunTime:0.000000s ]
INFO: ShowRuntime Behavior ::run [ RunTime:0.001000s ]
INFO: [ view_filter ] --END-- [ RunTime:0.002000s ]
INFO: [ view_end ] --START--
INFO: ShowPageTrace Behavior ::run [ RunTime:0.000000s ]
INFO: [ view_end ] --END-- [ RunTime:0.000000s ]

[ 2015-08-14T13:09:14+08:00 ] 127.0.0.1 /index.php/admin/WeChat/wechat_reply.html
INFO: [ route_check ] --START--
INFO: CheckRoute Behavior ::run [ RunTime:0.001000s ]
INFO: [ route_check ] --END-- [ RunTime:0.001000s ]
INFO: [ app_begin ] --START--
INFO: ReadHtmlCache Behavior ::run [ RunTime:0.001000s ]
INFO: [ app_begin ] --END-- [ RunTime:0.001000s ]
NOTIC: [8] A session had already been started - ignoring session_start() D:\phpStudy\WWW\cxtk\Sys\Common\functions.php 第 566 行.
NOTIC: [8] Undefined index: site_id D:\phpStudy\WWW\cxtk\cxtk_wx\Modules\Admin\Action\WeChatAction.class.php 第 37 行.
SQL: SHOW COLUMNS FROM `wx_wechat_reply` [ RunTime:0.033002s ]
SQL: SELECT * FROM `wx_wechat_reply` WHERE ( `site_id` = null ) AND ( `type` = 'f' ) ORDER BY sort desc  [ RunTime:0.000000s ]
ERR: 模板不存在[./cxtk_wx/Modules/admin/Tpl/WeChat/wechat_reply.html]

[ 2015-08-14T13:09:15+08:00 ] 127.0.0.1 /index.php/admin/WeChat/index.html
INFO: [ route_check ] --START--
INFO: CheckRoute Behavior ::run [ RunTime:0.001000s ]
INFO: [ route_check ] --END-- [ RunTime:0.001000s ]
INFO: [ app_begin ] --START--
INFO: ReadHtmlCache Behavior ::run [ RunTime:0.001000s ]
INFO: [ app_begin ] --END-- [ RunTime:0.001000s ]
NOTIC: [8] A session had already been started - ignoring session_start() D:\phpStudy\WWW\cxtk\Sys\Common\functions.php 第 566 行.
NOTIC: [8] Undefined index: siteid D:\phpStudy\WWW\cxtk\cxtk_wx\Modules\Admin\Action\WeChatAction.class.php 第 6 行.
SQL: SHOW COLUMNS FROM `wx_api` [ RunTime:0.003000s ]
NOTIC: [8] Undefined index: site_id D:\phpStudy\WWW\cxtk\cxtk_wx\Modules\Admin\Action\WeChatAction.class.php 第 8 行.
SQL: SELECT * FROM `wx_api` LIMIT 1   [ RunTime:0.000000s ]
INFO: [ view_parse ] --START--
NOTIC: [8] Undefined variable: url D:\phpStudy\WWW\cxtk\cxtk_wx\Runtime\Cache\Admin\5e2867384bc92469b9d0b9cd318a7ca9.php 第 23 行.
INFO: ParseTemplate Behavior ::run [ RunTime:0.012001s ]
INFO: [ view_parse ] --END-- [ RunTime:0.012001s ]
INFO: [ view_filter ] --START--
INFO: ContentReplace Behavior ::run [ RunTime:0.000000s ]
INFO: TokenBuild Behavior ::run [ RunTime:0.001000s ]
INFO: WriteHtmlCache Behavior ::run [ RunTime:0.001000s ]
INFO: ShowRuntime Behavior ::run [ RunTime:0.001000s ]
INFO: [ view_filter ] --END-- [ RunTime:0.003000s ]
INFO: [ view_end ] --START--
INFO: ShowPageTrace Behavior ::run [ RunTime:0.002000s ]
INFO: [ view_end ] --END-- [ RunTime:0.002000s ]

[ 2015-08-14T13:09:16+08:00 ] 127.0.0.1 /index.php/admin/WeChat/wechat_reply.html
INFO: [ route_check ] --START--
INFO: CheckRoute Behavior ::run [ RunTime:0.001000s ]
INFO: [ route_check ] --END-- [ RunTime:0.002000s ]
INFO: [ app_begin ] --START--
INFO: ReadHtmlCache Behavior ::run [ RunTime:0.001000s ]
INFO: [ app_begin ] --END-- [ RunTime:0.001000s ]
NOTIC: [8] A session had already been started - ignoring session_start() D:\phpStudy\WWW\cxtk\Sys\Common\functions.php 第 566 行.
NOTIC: [8] Undefined index: site_id D:\phpStudy\WWW\cxtk\cxtk_wx\Modules\Admin\Action\WeChatAction.class.php 第 37 行.
SQL: SHOW COLUMNS FROM `wx_wechat_reply` [ RunTime:0.003000s ]
SQL: SELECT * FROM `wx_wechat_reply` WHERE ( `site_id` = null ) AND ( `type` = 'f' ) ORDER BY sort desc  [ RunTime:0.001000s ]
ERR: 模板不存在[./cxtk_wx/Modules/admin/Tpl/WeChat/wechat_reply.html]

[ 2015-08-14T13:09:17+08:00 ] 127.0.0.1 /index.php/admin/WeChat/wechat_reply.html
INFO: [ route_check ] --START--
INFO: CheckRoute Behavior ::run [ RunTime:0.000000s ]
INFO: [ route_check ] --END-- [ RunTime:0.000000s ]
INFO: [ app_begin ] --START--
INFO: ReadHtmlCache Behavior ::run [ RunTime:0.000000s ]
INFO: [ app_begin ] --END-- [ RunTime:0.000000s ]
NOTIC: [8] A session had already been started - ignoring session_start() D:\phpStudy\WWW\cxtk\Sys\Common\functions.php 第 566 行.
NOTIC: [8] Undefined index: site_id D:\phpStudy\WWW\cxtk\cxtk_wx\Modules\Admin\Action\WeChatAction.class.php 第 37 行.
SQL: SHOW COLUMNS FROM `wx_wechat_reply` [ RunTime:0.003000s ]
SQL: SELECT * FROM `wx_wechat_reply` WHERE ( `site_id` = null ) AND ( `type` = 'f' ) ORDER BY sort desc  [ RunTime:0.000000s ]
ERR: 模板不存在[./cxtk_wx/Modules/admin/Tpl/WeChat/wechat_reply.html]

[ 2015-08-14T13:09:17+08:00 ] 127.0.0.1 /index.php/admin/WeChat/index.html
INFO: [ route_check ] --START--
INFO: CheckRoute Behavior ::run [ RunTime:0.001001s ]
INFO: [ route_check ] --END-- [ RunTime:0.001001s ]
INFO: [ app_begin ] --START--
INFO: ReadHtmlCache Behavior ::run [ RunTime:0.000000s ]
INFO: [ app_begin ] --END-- [ RunTime:0.001000s ]
NOTIC: [8] A session had already been started - ignoring session_start() D:\phpStudy\WWW\cxtk\Sys\Common\functions.php 第 566 行.
NOTIC: [8] Undefined index: siteid D:\phpStudy\WWW\cxtk\cxtk_wx\Modules\Admin\Action\WeChatAction.class.php 第 6 行.
SQL: SHOW COLUMNS FROM `wx_api` [ RunTime:0.003001s ]
NOTIC: [8] Undefined index: site_id D:\phpStudy\WWW\cxtk\cxtk_wx\Modules\Admin\Action\WeChatAction.class.php 第 8 行.
SQL: SELECT * FROM `wx_api` LIMIT 1   [ RunTime:0.000000s ]
INFO: [ view_parse ] --START--
NOTIC: [8] Undefined variable: url D:\phpStudy\WWW\cxtk\cxtk_wx\Runtime\Cache\Admin\5e2867384bc92469b9d0b9cd318a7ca9.php 第 23 行.
INFO: ParseTemplate Behavior ::run [ RunTime:0.017001s ]
INFO: [ view_parse ] --END-- [ RunTime:0.017001s ]
INFO: [ view_filter ] --START--
INFO: ContentReplace Behavior ::run [ RunTime:0.000000s ]
INFO: TokenBuild Behavior ::run [ RunTime:0.001000s ]
INFO: WriteHtmlCache Behavior ::run [ RunTime:0.000000s ]
INFO: ShowRuntime Behavior ::run [ RunTime:0.000000s ]
INFO: [ view_filter ] --END-- [ RunTime:0.001000s ]
INFO: [ view_end ] --START--
INFO: ShowPageTrace Behavior ::run [ RunTime:0.000000s ]
INFO: [ view_end ] --END-- [ RunTime:0.001000s ]

[ 2015-08-14T13:09:18+08:00 ] 127.0.0.1 /index.php/admin/WeChat/index.html
INFO: [ route_check ] --START--
INFO: CheckRoute Behavior ::run [ RunTime:0.001000s ]
INFO: [ route_check ] --END-- [ RunTime:0.001000s ]
INFO: [ app_begin ] --START--
INFO: ReadHtmlCache Behavior ::run [ RunTime:0.001000s ]
INFO: [ app_begin ] --END-- [ RunTime:0.001000s ]
NOTIC: [8] A session had already been started - ignoring session_start() D:\phpStudy\WWW\cxtk\Sys\Common\functions.php 第 566 行.
NOTIC: [8] Undefined index: siteid D:\phpStudy\WWW\cxtk\cxtk_wx\Modules\Admin\Action\WeChatAction.class.php 第 6 行.
SQL: SHOW COLUMNS FROM `wx_api` [ RunTime:0.004001s ]
NOTIC: [8] Undefined index: site_id D:\phpStudy\WWW\cxtk\cxtk_wx\Modules\Admin\Action\WeChatAction.class.php 第 8 行.
SQL: SELECT * FROM `wx_api` LIMIT 1   [ RunTime:0.000000s ]
INFO: [ view_parse ] --START--
NOTIC: [8] Undefined variable: url D:\phpStudy\WWW\cxtk\cxtk_wx\Runtime\Cache\Admin\5e2867384bc92469b9d0b9cd318a7ca9.php 第 23 行.
INFO: ParseTemplate Behavior ::run [ RunTime:0.007000s ]
INFO: [ view_parse ] --END-- [ RunTime:0.007000s ]
INFO: [ view_filter ] --START--
INFO: ContentReplace Behavior ::run [ RunTime:0.002000s ]
INFO: TokenBuild Behavior ::run [ RunTime:0.000000s ]
INFO: WriteHtmlCache Behavior ::run [ RunTime:0.000000s ]
INFO: ShowRuntime Behavior ::run [ RunTime:0.001000s ]
INFO: [ view_filter ] --END-- [ RunTime:0.003000s ]
INFO: [ view_end ] --START--
INFO: ShowPageTrace Behavior ::run [ RunTime:0.000000s ]
INFO: [ view_end ] --END-- [ RunTime:0.000000s ]

[ 2015-08-14T13:09:18+08:00 ] 127.0.0.1 /index.php/admin/WeChat/index.html
INFO: [ route_check ] --START--
INFO: CheckRoute Behavior ::run [ RunTime:0.001000s ]
INFO: [ route_check ] --END-- [ RunTime:0.001000s ]
INFO: [ app_begin ] --START--
INFO: ReadHtmlCache Behavior ::run [ RunTime:0.000000s ]
INFO: [ app_begin ] --END-- [ RunTime:0.000000s ]
NOTIC: [8] A session had already been started - ignoring session_start() D:\phpStudy\WWW\cxtk\Sys\Common\functions.php 第 566 行.
NOTIC: [8] Undefined index: siteid D:\phpStudy\WWW\cxtk\cxtk_wx\Modules\Admin\Action\WeChatAction.class.php 第 6 行.
SQL: SHOW COLUMNS FROM `wx_api` [ RunTime:0.004000s ]
NOTIC: [8] Undefined index: site_id D:\phpStudy\WWW\cxtk\cxtk_wx\Modules\Admin\Action\WeChatAction.class.php 第 8 行.
SQL: SELECT * FROM `wx_api` LIMIT 1   [ RunTime:0.000000s ]
INFO: [ view_parse ] --START--
NOTIC: [8] Undefined variable: url D:\phpStudy\WWW\cxtk\cxtk_wx\Runtime\Cache\Admin\5e2867384bc92469b9d0b9cd318a7ca9.php 第 23 行.
INFO: ParseTemplate Behavior ::run [ RunTime:0.008001s ]
INFO: [ view_parse ] --END-- [ RunTime:0.008001s ]
INFO: [ view_filter ] --START--
INFO: ContentReplace Behavior ::run [ RunTime:0.000000s ]
INFO: TokenBuild Behavior ::run [ RunTime:0.001000s ]
INFO: WriteHtmlCache Behavior ::run [ RunTime:0.000000s ]
INFO: ShowRuntime Behavior ::run [ RunTime:0.001000s ]
INFO: [ view_filter ] --END-- [ RunTime:0.002000s ]
INFO: [ view_end ] --START--
INFO: ShowPageTrace Behavior ::run [ RunTime:0.001000s ]
INFO: [ view_end ] --END-- [ RunTime:0.001000s ]

[ 2015-08-14T13:09:19+08:00 ] 127.0.0.1 /index.php/admin/WeChat/wechat_reply.html
INFO: [ route_check ] --START--
INFO: CheckRoute Behavior ::run [ RunTime:0.001000s ]
INFO: [ route_check ] --END-- [ RunTime:0.001000s ]
INFO: [ app_begin ] --START--
INFO: ReadHtmlCache Behavior ::run [ RunTime:0.001000s ]
INFO: [ app_begin ] --END-- [ RunTime:0.001000s ]
NOTIC: [8] A session had already been started - ignoring session_start() D:\phpStudy\WWW\cxtk\Sys\Common\functions.php 第 566 行.
NOTIC: [8] Undefined index: site_id D:\phpStudy\WWW\cxtk\cxtk_wx\Modules\Admin\Action\WeChatAction.class.php 第 37 行.
SQL: SHOW COLUMNS FROM `wx_wechat_reply` [ RunTime:0.004000s ]
SQL: SELECT * FROM `wx_wechat_reply` WHERE ( `site_id` = null ) AND ( `type` = 'f' ) ORDER BY sort desc  [ RunTime:0.000000s ]
ERR: 模板不存在[./cxtk_wx/Modules/admin/Tpl/WeChat/wechat_reply.html]

[ 2015-08-14T13:09:21+08:00 ] 127.0.0.1 /index.php/admin/WeChat/wechat_reply.html
INFO: [ route_check ] --START--
INFO: CheckRoute Behavior ::run [ RunTime:0.002000s ]
INFO: [ route_check ] --END-- [ RunTime:0.002000s ]
INFO: [ app_begin ] --START--
INFO: ReadHtmlCache Behavior ::run [ RunTime:0.001000s ]
INFO: [ app_begin ] --END-- [ RunTime:0.001000s ]
NOTIC: [8] A session had already been started - ignoring session_start() D:\phpStudy\WWW\cxtk\Sys\Common\functions.php 第 566 行.
NOTIC: [8] Undefined index: site_id D:\phpStudy\WWW\cxtk\cxtk_wx\Modules\Admin\Action\WeChatAction.class.php 第 37 行.
SQL: SHOW COLUMNS FROM `wx_wechat_reply` [ RunTime:0.002001s ]
SQL: SELECT * FROM `wx_wechat_reply` WHERE ( `site_id` = null ) AND ( `type` = 'f' ) ORDER BY sort desc  [ RunTime:0.000000s ]
ERR: 模板不存在[./cxtk_wx/Modules/admin/Tpl/WeChat/wechat_reply.html]

[ 2015-08-14T13:09:22+08:00 ] 127.0.0.1 /index.php/admin/WeChat/wechat_reply.html
INFO: [ route_check ] --START--
INFO: CheckRoute Behavior ::run [ RunTime:0.001000s ]
INFO: [ route_check ] --END-- [ RunTime:0.001000s ]
INFO: [ app_begin ] --START--
INFO: ReadHtmlCache Behavior ::run [ RunTime:0.001000s ]
INFO: [ app_begin ] --END-- [ RunTime:0.001000s ]
NOTIC: [8] A session had already been started - ignoring session_start() D:\phpStudy\WWW\cxtk\Sys\Common\functions.php 第 566 行.
NOTIC: [8] Undefined index: site_id D:\phpStudy\WWW\cxtk\cxtk_wx\Modules\Admin\Action\WeChatAction.class.php 第 37 行.
SQL: SHOW COLUMNS FROM `wx_wechat_reply` [ RunTime:0.005001s ]
SQL: SELECT * FROM `wx_wechat_reply` WHERE ( `site_id` = null ) AND ( `type` = 'f' ) ORDER BY sort desc  [ RunTime:0.001000s ]
ERR: 模板不存在[./cxtk_wx/Modules/admin/Tpl/WeChat/wechat_reply.html]

[ 2015-08-14T13:09:43+08:00 ] 127.0.0.1 /index.php/admin/
INFO: [ route_check ] --START--
INFO: CheckRoute Behavior ::run [ RunTime:0.001000s ]
INFO: [ route_check ] --END-- [ RunTime:0.001000s ]
INFO: [ app_begin ] --START--
INFO: ReadHtmlCache Behavior ::run [ RunTime:0.000000s ]
INFO: [ app_begin ] --END-- [ RunTime:0.000000s ]
NOTIC: [8] A session had already been started - ignoring session_start() D:\phpStudy\WWW\cxtk\Sys\Common\functions.php 第 566 行.
NOTIC: [8] Undefined index: siteid D:\phpStudy\WWW\cxtk\cxtk_wx\Modules\Admin\Action\IndexAction.class.php 第 8 行.
SQL: SHOW COLUMNS FROM `wx_site` [ RunTime:0.003001s ]
SQL: SELECT `module` FROM `wx_site`  [ RunTime:0.000000s ]
ERR: 1054:Unknown column 'module' in 'field list'
 [ SQL语句 ] : SELECT `module` FROM `wx_site` 
SQL: SHOW COLUMNS FROM `wx_modules` [ RunTime:0.002000s ]
ERR: 1146:Table 'cxtk_wx.wx_modules' doesn't exist
 [ SQL语句 ] : SHOW COLUMNS FROM `wx_modules`
SQL: SELECT `url` FROM `wx_modules` WHERE ( `mid` = '' )  [ RunTime:0.000000s ]
ERR: 1146:Table 'cxtk_wx.wx_modules' doesn't exist
 [ SQL语句 ] : SELECT `url` FROM `wx_modules` WHERE ( `mid` = '' ) 
NOTIC: [8] Undefined variable: reurl D:\phpStudy\WWW\cxtk\cxtk_wx\Modules\Admin\Action\IndexAction.class.php 第 20 行.
INFO: [ view_parse ] --START--
NOTIC: [8] Undefined variable: detail_id D:\phpStudy\WWW\cxtk\cxtk_wx\Runtime\Cache\Admin\6245bf787fe32803fde3d1395ab953a0.php 第 19 行.
NOTIC: [8] Undefined variable: v D:\phpStudy\WWW\cxtk\cxtk_wx\Runtime\Cache\Admin\6245bf787fe32803fde3d1395ab953a0.php 第 20 行.
NOTIC: [8] Undefined variable: serid D:\phpStudy\WWW\cxtk\cxtk_wx\Runtime\Cache\Admin\6245bf787fe32803fde3d1395ab953a0.php 第 22 行.
NOTIC: [8] Undefined variable: serid D:\phpStudy\WWW\cxtk\cxtk_wx\Runtime\Cache\Admin\6245bf787fe32803fde3d1395ab953a0.php 第 23 行.
NOTIC: [8] Undefined variable: serid D:\phpStudy\WWW\cxtk\cxtk_wx\Runtime\Cache\Admin\6245bf787fe32803fde3d1395ab953a0.php 第 24 行.
NOTIC: [8] Undefined variable: serid D:\phpStudy\WWW\cxtk\cxtk_wx\Runtime\Cache\Admin\6245bf787fe32803fde3d1395ab953a0.php 第 25 行.
INFO: ParseTemplate Behavior ::run [ RunTime:0.009000s ]
INFO: [ view_parse ] --END-- [ RunTime:0.009000s ]
INFO: [ view_filter ] --START--
INFO: ContentReplace Behavior ::run [ RunTime:0.000000s ]
INFO: TokenBuild Behavior ::run [ RunTime:0.000000s ]
INFO: WriteHtmlCache Behavior ::run [ RunTime:0.001000s ]
INFO: ShowRuntime Behavior ::run [ RunTime:0.000000s ]
INFO: [ view_filter ] --END-- [ RunTime:0.001000s ]
INFO: [ view_end ] --START--
INFO: ShowPageTrace Behavior ::run [ RunTime:0.001000s ]
INFO: [ view_end ] --END-- [ RunTime:0.001000s ]

[ 2015-08-14T13:09:43+08:00 ] 127.0.0.1 /index.php/admin/Index/top.html
INFO: [ route_check ] --START--
INFO: CheckRoute Behavior ::run [ RunTime:0.002001s ]
INFO: [ route_check ] --END-- [ RunTime:0.003001s ]
INFO: [ app_begin ] --START--
INFO: ReadHtmlCache Behavior ::run [ RunTime:0.000000s ]
INFO: [ app_begin ] --END-- [ RunTime:0.001000s ]
NOTIC: [8] A session had already been started - ignoring session_start() D:\phpStudy\WWW\cxtk\Sys\Common\functions.php 第 566 行.
NOTIC: [8] Constant THEME_NAME already defined D:\phpStudy\WWW\cxtk\Sys\Lib\Core\View.class.php 第 223 行.
NOTIC: [8] Constant THEME_PATH already defined D:\phpStudy\WWW\cxtk\Sys\Lib\Core\View.class.php 第 171 行.
NOTIC: [8] Constant APP_TMPL_PATH already defined D:\phpStudy\WWW\cxtk\Sys\Lib\Core\View.class.php 第 172 行.
INFO: [ view_parse ] --START--
INFO: ParseTemplate Behavior ::run [ RunTime:0.007000s ]
INFO: [ view_parse ] --END-- [ RunTime:0.007000s ]
INFO: [ view_filter ] --START--
INFO: ContentReplace Behavior ::run [ RunTime:0.000000s ]
INFO: TokenBuild Behavior ::run [ RunTime:0.001000s ]
INFO: WriteHtmlCache Behavior ::run [ RunTime:0.000000s ]
INFO: ShowRuntime Behavior ::run [ RunTime:0.001000s ]
INFO: [ view_filter ] --END-- [ RunTime:0.002000s ]
INFO: [ view_end ] --START--
INFO: ShowPageTrace Behavior ::run [ RunTime:0.001000s ]
INFO: [ view_end ] --END-- [ RunTime:0.001000s ]

[ 2015-08-14T13:09:43+08:00 ] 127.0.0.1 /index.php/admin/Index/left.html
INFO: [ route_check ] --START--
INFO: CheckRoute Behavior ::run [ RunTime:0.001000s ]
INFO: [ route_check ] --END-- [ RunTime:0.001000s ]
INFO: [ app_begin ] --START--
INFO: ReadHtmlCache Behavior ::run [ RunTime:0.000000s ]
INFO: [ app_begin ] --END-- [ RunTime:0.001000s ]
NOTIC: [8] A session had already been started - ignoring session_start() D:\phpStudy\WWW\cxtk\Sys\Common\functions.php 第 566 行.
NOTIC: [8] Constant THEME_NAME already defined D:\phpStudy\WWW\cxtk\Sys\Lib\Core\View.class.php 第 223 行.
NOTIC: [8] Constant THEME_PATH already defined D:\phpStudy\WWW\cxtk\Sys\Lib\Core\View.class.php 第 171 行.
NOTIC: [8] Constant APP_TMPL_PATH already defined D:\phpStudy\WWW\cxtk\Sys\Lib\Core\View.class.php 第 172 行.
INFO: [ view_parse ] --START--
NOTIC: [8] Undefined index: siteid D:\phpStudy\WWW\cxtk\cxtk_wx\Runtime\Cache\Admin\f610a27eb109af96645ab7a09dcd79f0.php 第 2 行.
SQL: SHOW COLUMNS FROM `wx_site` [ RunTime:0.003000s ]
SQL: SELECT `module` FROM `wx_site`  [ RunTime:0.000000s ]
ERR: 1054:Unknown column 'module' in 'field list'
 [ SQL语句 ] : SELECT `module` FROM `wx_site` 
SQL: SHOW COLUMNS FROM `wx_modules` [ RunTime:0.004000s ]
ERR: 1146:Table 'cxtk_wx.wx_modules' doesn't exist
 [ SQL语句 ] : SHOW COLUMNS FROM `wx_modules`
SQL: SELECT `url` FROM `wx_modules` WHERE ( `mid` = '' )  [ RunTime:0.001000s ]
ERR: 1146:Table 'cxtk_wx.wx_modules' doesn't exist
 [ SQL语句 ] : SELECT `url` FROM `wx_modules` WHERE ( `mid` = '' ) 
NOTIC: [8] Undefined variable: reurl D:\phpStudy\WWW\cxtk\cxtk_wx\Runtime\Cache\Admin\f610a27eb109af96645ab7a09dcd79f0.php 第 2 行.
INFO: ParseTemplate Behavior ::run [ RunTime:0.030002s ]
INFO: [ view_parse ] --END-- [ RunTime:0.030002s ]
INFO: [ view_filter ] --START--
INFO: ContentReplace Behavior ::run [ RunTime:0.000000s ]
INFO: TokenBuild Behavior ::run [ RunTime:0.002000s ]
INFO: WriteHtmlCache Behavior ::run [ RunTime:0.001000s ]
INFO: ShowRuntime Behavior ::run [ RunTime:0.001000s ]
INFO: [ view_filter ] --END-- [ RunTime:0.005000s ]
INFO: [ view_end ] --START--
INFO: ShowPageTrace Behavior ::run [ RunTime:0.001000s ]
INFO: [ view_end ] --END-- [ RunTime:0.001000s ]

[ 2015-08-14T13:09:43+08:00 ] 127.0.0.1 /index.php/admin/Index/main.html
INFO: [ route_check ] --START--
INFO: CheckRoute Behavior ::run [ RunTime:0.001000s ]
INFO: [ route_check ] --END-- [ RunTime:0.001000s ]
INFO: [ app_begin ] --START--
INFO: ReadHtmlCache Behavior ::run [ RunTime:0.001000s ]
INFO: [ app_begin ] --END-- [ RunTime:0.001000s ]
NOTIC: [8] A session had already been started - ignoring session_start() D:\phpStudy\WWW\cxtk\Sys\Common\functions.php 第 566 行.
NOTIC: [8] Constant THEME_NAME already defined D:\phpStudy\WWW\cxtk\Sys\Lib\Core\View.class.php 第 223 行.
NOTIC: [8] Constant THEME_PATH already defined D:\phpStudy\WWW\cxtk\Sys\Lib\Core\View.class.php 第 171 行.
NOTIC: [8] Constant APP_TMPL_PATH already defined D:\phpStudy\WWW\cxtk\Sys\Lib\Core\View.class.php 第 172 行.
INFO: [ view_parse ] --START--
INFO: ParseTemplate Behavior ::run [ RunTime:0.006000s ]
INFO: [ view_parse ] --END-- [ RunTime:0.006000s ]
INFO: [ view_filter ] --START--
INFO: ContentReplace Behavior ::run [ RunTime:0.001000s ]
INFO: TokenBuild Behavior ::run [ RunTime:0.001000s ]
INFO: WriteHtmlCache Behavior ::run [ RunTime:0.001000s ]
INFO: ShowRuntime Behavior ::run [ RunTime:0.000000s ]
INFO: [ view_filter ] --END-- [ RunTime:0.003000s ]
INFO: [ view_end ] --START--
INFO: ShowPageTrace Behavior ::run [ RunTime:0.001000s ]
INFO: [ view_end ] --END-- [ RunTime:0.001000s ]

[ 2015-08-14T13:09:43+08:00 ] 127.0.0.1 /index.php/admin/Index/style.css
INFO: [ route_check ] --START--
INFO: CheckRoute Behavior ::run [ RunTime:0.001000s ]
INFO: [ route_check ] --END-- [ RunTime:0.001000s ]
INFO: [ app_begin ] --START--
INFO: ReadHtmlCache Behavior ::run [ RunTime:0.000000s ]
INFO: [ app_begin ] --END-- [ RunTime:0.000000s ]
NOTIC: [8] A session had already been started - ignoring session_start() D:\phpStudy\WWW\cxtk\Sys\Common\functions.php 第 566 行.
ERR: 非法操作:style.css

[ 2015-08-14T13:09:45+08:00 ] 127.0.0.1 /index.php/admin/web_site/form_index.html
INFO: [ route_check ] --START--
INFO: CheckRoute Behavior ::run [ RunTime:0.001000s ]
INFO: [ route_check ] --END-- [ RunTime:0.001000s ]
INFO: [ app_begin ] --START--
INFO: ReadHtmlCache Behavior ::run [ RunTime:0.000000s ]
INFO: [ app_begin ] --END-- [ RunTime:0.000000s ]
NOTIC: [8] A session had already been started - ignoring session_start() D:\phpStudy\WWW\cxtk\Sys\Common\functions.php 第 566 行.
ERR: 非法操作:form_index

[ 2015-08-14T13:09:45+08:00 ] 127.0.0.1 /index.php/admin/web_site/form_index.html
INFO: [ route_check ] --START--
INFO: CheckRoute Behavior ::run [ RunTime:0.002000s ]
INFO: [ route_check ] --END-- [ RunTime:0.002000s ]
INFO: [ app_begin ] --START--
INFO: ReadHtmlCache Behavior ::run [ RunTime:0.001000s ]
INFO: [ app_begin ] --END-- [ RunTime:0.001000s ]
NOTIC: [8] A session had already been started - ignoring session_start() D:\phpStudy\WWW\cxtk\Sys\Common\functions.php 第 566 行.
ERR: 非法操作:form_index

[ 2015-08-14T13:09:46+08:00 ] 127.0.0.1 /index.php/admin/web_site/form_index.html
INFO: [ route_check ] --START--
INFO: CheckRoute Behavior ::run [ RunTime:0.001000s ]
INFO: [ route_check ] --END-- [ RunTime:0.001000s ]
INFO: [ app_begin ] --START--
INFO: ReadHtmlCache Behavior ::run [ RunTime:0.000000s ]
INFO: [ app_begin ] --END-- [ RunTime:0.000000s ]
NOTIC: [8] A session had already been started - ignoring session_start() D:\phpStudy\WWW\cxtk\Sys\Common\functions.php 第 566 行.
ERR: 非法操作:form_index

[ 2015-08-14T13:09:46+08:00 ] 127.0.0.1 /index.php/admin/web_site/form_index.html
INFO: [ route_check ] --START--
INFO: CheckRoute Behavior ::run [ RunTime:0.001000s ]
INFO: [ route_check ] --END-- [ RunTime:0.001000s ]
INFO: [ app_begin ] --START--
INFO: ReadHtmlCache Behavior ::run [ RunTime:0.000000s ]
INFO: [ app_begin ] --END-- [ RunTime:0.001000s ]
NOTIC: [8] A session had already been started - ignoring session_start() D:\phpStudy\WWW\cxtk\Sys\Common\functions.php 第 566 行.
ERR: 非法操作:form_index

[ 2015-08-14T13:10:10+08:00 ] 127.0.0.1 /index.php/admin/web_site/form_index.html
INFO: [ route_check ] --START--
INFO: CheckRoute Behavior ::run [ RunTime:0.001000s ]
INFO: [ route_check ] --END-- [ RunTime:0.001000s ]
INFO: [ app_begin ] --START--
INFO: ReadHtmlCache Behavior ::run [ RunTime:0.001000s ]
INFO: [ app_begin ] --END-- [ RunTime:0.001000s ]
NOTIC: [8] A session had already been started - ignoring session_start() D:\phpStudy\WWW\cxtk\Sys\Common\functions.php 第 566 行.
ERR: 模板不存在[./cxtk_wx/Modules/admin/Tpl/web_site/form_index.html]

[ 2015-08-14T13:10:10+08:00 ] 127.0.0.1 /index.php/admin/web_site/form_index.html
INFO: [ route_check ] --START--
INFO: CheckRoute Behavior ::run [ RunTime:0.001000s ]
INFO: [ route_check ] --END-- [ RunTime:0.001000s ]
INFO: [ app_begin ] --START--
INFO: ReadHtmlCache Behavior ::run [ RunTime:0.001000s ]
INFO: [ app_begin ] --END-- [ RunTime:0.001000s ]
NOTIC: [8] A session had already been started - ignoring session_start() D:\phpStudy\WWW\cxtk\Sys\Common\functions.php 第 566 行.
ERR: 模板不存在[./cxtk_wx/Modules/admin/Tpl/web_site/form_index.html]

[ 2015-08-14T13:10:11+08:00 ] 127.0.0.1 /index.php/admin/web_site/form_index.html
INFO: [ route_check ] --START--
INFO: CheckRoute Behavior ::run [ RunTime:0.001000s ]
INFO: [ route_check ] --END-- [ RunTime:0.001000s ]
INFO: [ app_begin ] --START--
INFO: ReadHtmlCache Behavior ::run [ RunTime:0.000000s ]
INFO: [ app_begin ] --END-- [ RunTime:0.001000s ]
NOTIC: [8] A session had already been started - ignoring session_start() D:\phpStudy\WWW\cxtk\Sys\Common\functions.php 第 566 行.
ERR: 模板不存在[./cxtk_wx/Modules/admin/Tpl/web_site/form_index.html]

[ 2015-08-14T13:10:11+08:00 ] 127.0.0.1 /index.php/admin/web_site/form_index.html
INFO: [ route_check ] --START--
INFO: CheckRoute Behavior ::run [ RunTime:0.000000s ]
INFO: [ route_check ] --END-- [ RunTime:0.001000s ]
INFO: [ app_begin ] --START--
INFO: ReadHtmlCache Behavior ::run [ RunTime:0.000000s ]
INFO: [ app_begin ] --END-- [ RunTime:0.000000s ]
NOTIC: [8] A session had already been started - ignoring session_start() D:\phpStudy\WWW\cxtk\Sys\Common\functions.php 第 566 行.
ERR: 模板不存在[./cxtk_wx/Modules/admin/Tpl/web_site/form_index.html]

[ 2015-08-14T13:15:43+08:00 ] 127.0.0.1 /index.php/admin/web_site/form_index.html
INFO: [ route_check ] --START--
INFO: CheckRoute Behavior ::run [ RunTime:0.002000s ]
INFO: [ route_check ] --END-- [ RunTime:0.002000s ]
INFO: [ app_begin ] --START--
INFO: ReadHtmlCache Behavior ::run [ RunTime:0.000000s ]
INFO: [ app_begin ] --END-- [ RunTime:0.001000s ]
NOTIC: [8] A session had already been started - ignoring session_start() D:\phpStudy\WWW\cxtk\Sys\Common\functions.php 第 566 行.
INFO: [ view_parse ] --START--
NOTIC: [8] Undefined variable: data D:\phpStudy\WWW\cxtk\cxtk_wx\Runtime\Cache\Admin\96dfa53e63ef762c342a16143ac92969.php 第 46 行.
NOTIC: [8] Undefined variable: page D:\phpStudy\WWW\cxtk\cxtk_wx\Runtime\Cache\Admin\96dfa53e63ef762c342a16143ac92969.php 第 73 行.
INFO: ParseTemplate Behavior ::run [ RunTime:0.009000s ]
INFO: [ view_parse ] --END-- [ RunTime:0.009000s ]
INFO: [ view_filter ] --START--
INFO: ContentReplace Behavior ::run [ RunTime:0.000000s ]
INFO: TokenBuild Behavior ::run [ RunTime:0.001000s ]
INFO: WriteHtmlCache Behavior ::run [ RunTime:0.000000s ]
INFO: ShowRuntime Behavior ::run [ RunTime:0.000000s ]
INFO: [ view_filter ] --END-- [ RunTime:0.001000s ]
INFO: [ view_end ] --START--
INFO: ShowPageTrace Behavior ::run [ RunTime:0.001000s ]
INFO: [ view_end ] --END-- [ RunTime:0.001000s ]

[ 2015-08-14T13:19:57+08:00 ] 127.0.0.1 /index.php/admin/web_site/store.html
INFO: [ route_check ] --START--
INFO: CheckRoute Behavior ::run [ RunTime:0.001001s ]
INFO: [ route_check ] --END-- [ RunTime:0.002001s ]
INFO: [ app_begin ] --START--
INFO: ReadHtmlCache Behavior ::run [ RunTime:0.000000s ]
INFO: [ app_begin ] --END-- [ RunTime:0.000000s ]
NOTIC: [8] A session had already been started - ignoring session_start() D:\phpStudy\WWW\cxtk\Sys\Common\functions.php 第 566 行.
NOTIC: [8] Constant THEME_NAME already defined D:\phpStudy\WWW\cxtk\Sys\Lib\Core\View.class.php 第 223 行.
NOTIC: [8] Constant THEME_PATH already defined D:\phpStudy\WWW\cxtk\Sys\Lib\Core\View.class.php 第 171 行.
NOTIC: [8] Constant APP_TMPL_PATH already defined D:\phpStudy\WWW\cxtk\Sys\Lib\Core\View.class.php 第 172 行.
INFO: [ view_parse ] --START--
NOTIC: [8] Undefined variable: storeurl D:\phpStudy\WWW\cxtk\cxtk_wx\Runtime\Cache\Admin\a964398287fe3aa8ac470c3630a999eb.php 第 29 行.
NOTIC: [8] Undefined variable: store_class D:\phpStudy\WWW\cxtk\cxtk_wx\Runtime\Cache\Admin\a964398287fe3aa8ac470c3630a999eb.php 第 41 行.
NOTIC: [8] Undefined variable: store_class D:\phpStudy\WWW\cxtk\cxtk_wx\Runtime\Cache\Admin\a964398287fe3aa8ac470c3630a999eb.php 第 76 行.
NOTIC: [8] Undefined variable: siteid D:\phpStudy\WWW\cxtk\cxtk_wx\Runtime\Cache\Admin\a964398287fe3aa8ac470c3630a999eb.php 第 89 行.
INFO: ParseTemplate Behavior ::run [ RunTime:0.051003s ]
INFO: [ view_parse ] --END-- [ RunTime:0.053003s ]
INFO: [ view_filter ] --START--
INFO: ContentReplace Behavior ::run [ RunTime:0.001000s ]
INFO: TokenBuild Behavior ::run [ RunTime:0.001000s ]
INFO: WriteHtmlCache Behavior ::run [ RunTime:0.000000s ]
INFO: ShowRuntime Behavior ::run [ RunTime:0.001000s ]
INFO: [ view_filter ] --END-- [ RunTime:0.003000s ]
INFO: [ view_end ] --START--
INFO: ShowPageTrace Behavior ::run [ RunTime:0.000000s ]
INFO: [ view_end ] --END-- [ RunTime:0.000000s ]

[ 2015-08-14T13:19:57+08:00 ] 127.0.0.1 /index.php/admin/web_site/form_index.html
INFO: [ route_check ] --START--
INFO: CheckRoute Behavior ::run [ RunTime:0.001000s ]
INFO: [ route_check ] --END-- [ RunTime:0.001000s ]
INFO: [ app_begin ] --START--
INFO: ReadHtmlCache Behavior ::run [ RunTime:0.001000s ]
INFO: [ app_begin ] --END-- [ RunTime:0.001000s ]
NOTIC: [8] A session had already been started - ignoring session_start() D:\phpStudy\WWW\cxtk\Sys\Common\functions.php 第 566 行.
INFO: [ view_parse ] --START--
NOTIC: [8] Undefined variable: data D:\phpStudy\WWW\cxtk\cxtk_wx\Runtime\Cache\Admin\96dfa53e63ef762c342a16143ac92969.php 第 48 行.
NOTIC: [8] Undefined variable: page D:\phpStudy\WWW\cxtk\cxtk_wx\Runtime\Cache\Admin\96dfa53e63ef762c342a16143ac92969.php 第 75 行.
INFO: ParseTemplate Behavior ::run [ RunTime:0.013001s ]
INFO: [ view_parse ] --END-- [ RunTime:0.013001s ]
INFO: [ view_filter ] --START--
INFO: ContentReplace Behavior ::run [ RunTime:0.001000s ]
INFO: TokenBuild Behavior ::run [ RunTime:0.000000s ]
INFO: WriteHtmlCache Behavior ::run [ RunTime:0.001000s ]
INFO: ShowRuntime Behavior ::run [ RunTime:0.001000s ]
INFO: [ view_filter ] --END-- [ RunTime:0.003000s ]
INFO: [ view_end ] --START--
INFO: ShowPageTrace Behavior ::run [ RunTime:0.001000s ]
INFO: [ view_end ] --END-- [ RunTime:0.001000s ]

[ 2015-08-14T13:19:58+08:00 ] 127.0.0.1 /index.php/admin/web_site/form_index.html
INFO: [ route_check ] --START--
INFO: CheckRoute Behavior ::run [ RunTime:0.000000s ]
INFO: [ route_check ] --END-- [ RunTime:0.000000s ]
INFO: [ app_begin ] --START--
INFO: ReadHtmlCache Behavior ::run [ RunTime:0.000000s ]
INFO: [ app_begin ] --END-- [ RunTime:0.001000s ]
NOTIC: [8] A session had already been started - ignoring session_start() D:\phpStudy\WWW\cxtk\Sys\Common\functions.php 第 566 行.
INFO: [ view_parse ] --START--
NOTIC: [8] Undefined variable: data D:\phpStudy\WWW\cxtk\cxtk_wx\Runtime\Cache\Admin\96dfa53e63ef762c342a16143ac92969.php 第 48 行.
NOTIC: [8] Undefined variable: page D:\phpStudy\WWW\cxtk\cxtk_wx\Runtime\Cache\Admin\96dfa53e63ef762c342a16143ac92969.php 第 75 行.
INFO: ParseTemplate Behavior ::run [ RunTime:0.007000s ]
INFO: [ view_parse ] --END-- [ RunTime:0.008000s ]
INFO: [ view_filter ] --START--
INFO: ContentReplace Behavior ::run [ RunTime:0.000000s ]
INFO: TokenBuild Behavior ::run [ RunTime:0.001000s ]
INFO: WriteHtmlCache Behavior ::run [ RunTime:0.000000s ]
INFO: ShowRuntime Behavior ::run [ RunTime:0.000000s ]
INFO: [ view_filter ] --END-- [ RunTime:0.001000s ]
INFO: [ view_end ] --START--
INFO: ShowPageTrace Behavior ::run [ RunTime:0.000000s ]
INFO: [ view_end ] --END-- [ RunTime:0.000000s ]

[ 2015-08-14T13:20:31+08:00 ] 127.0.0.1 /index.php/admin/web_site/column_index.html
INFO: [ route_check ] --START--
INFO: CheckRoute Behavior ::run [ RunTime:0.002001s ]
INFO: [ route_check ] --END-- [ RunTime:0.002001s ]
INFO: [ app_begin ] --START--
INFO: ReadHtmlCache Behavior ::run [ RunTime:0.002000s ]
INFO: [ app_begin ] --END-- [ RunTime:0.003000s ]
NOTIC: [8] A session had already been started - ignoring session_start() D:\phpStudy\WWW\cxtk\Sys\Common\functions.php 第 566 行.
NOTIC: [8] Undefined index: siteid D:\phpStudy\WWW\cxtk\cxtk_wx\Modules\Admin\Action\web_siteAction.class.php 第 215 行.
SQL: SHOW COLUMNS FROM `wx_web_cate` [ RunTime:0.004000s ]
SQL: SELECT COUNT(*) AS tp_count FROM `wx_web_cate` WHERE ( `pid` = 0 ) AND ( `state` = 1 ) LIMIT 1   [ RunTime:0.000000s ]
SQL: SELECT * FROM `wx_web_cate` WHERE ( `pid` = 0 ) AND ( `state` = 1 ) ORDER BY sort DESC LIMIT 0,8   [ RunTime:0.001000s ]
INFO: [ view_parse ] --START--
NOTIC: [8] Undefined index: width D:\phpStudy\WWW\cxtk\cxtk_wx\Runtime\Cache\Admin\d06d871c42ba0b3bdff00661dead245e.php 第 52 行.
NOTIC: [8] Undefined index: height D:\phpStudy\WWW\cxtk\cxtk_wx\Runtime\Cache\Admin\d06d871c42ba0b3bdff00661dead245e.php 第 52 行.
NOTIC: [8] Undefined index: width D:\phpStudy\WWW\cxtk\cxtk_wx\Runtime\Cache\Admin\d06d871c42ba0b3bdff00661dead245e.php 第 52 行.
NOTIC: [8] Undefined index: height D:\phpStudy\WWW\cxtk\cxtk_wx\Runtime\Cache\Admin\d06d871c42ba0b3bdff00661dead245e.php 第 52 行.
INFO: ParseTemplate Behavior ::run [ RunTime:0.013001s ]
INFO: [ view_parse ] --END-- [ RunTime:0.013001s ]
INFO: [ view_filter ] --START--
INFO: ContentReplace Behavior ::run [ RunTime:0.001000s ]
INFO: TokenBuild Behavior ::run [ RunTime:0.001000s ]
INFO: WriteHtmlCache Behavior ::run [ RunTime:0.000000s ]
INFO: ShowRuntime Behavior ::run [ RunTime:0.001000s ]
INFO: [ view_filter ] --END-- [ RunTime:0.003000s ]
INFO: [ view_end ] --START--
INFO: ShowPageTrace Behavior ::run [ RunTime:0.001000s ]
INFO: [ view_end ] --END-- [ RunTime:0.001000s ]

[ 2015-08-14T13:20:33+08:00 ] 127.0.0.1 /index.php/admin/web_site/web_site_flash.html
INFO: [ route_check ] --START--
INFO: CheckRoute Behavior ::run [ RunTime:0.003000s ]
INFO: [ route_check ] --END-- [ RunTime:0.003000s ]
INFO: [ app_begin ] --START--
INFO: ReadHtmlCache Behavior ::run [ RunTime:0.000000s ]
INFO: [ app_begin ] --END-- [ RunTime:0.000000s ]
NOTIC: [8] A session had already been started - ignoring session_start() D:\phpStudy\WWW\cxtk\Sys\Common\functions.php 第 566 行.
SQL: SHOW COLUMNS FROM `wx_flash` [ RunTime:0.002000s ]
SQL: SELECT * FROM `wx_flash` WHERE ( `type` = 'a' )  [ RunTime:0.001000s ]
INFO: [ view_parse ] --START--
NOTIC: [8] Undefined index: width D:\phpStudy\WWW\cxtk\cxtk_wx\Runtime\Cache\Admin\7b7afc597b3f03cfbe6520d693ebb3bf.php 第 52 行.
NOTIC: [8] Undefined index: height D:\phpStudy\WWW\cxtk\cxtk_wx\Runtime\Cache\Admin\7b7afc597b3f03cfbe6520d693ebb3bf.php 第 52 行.
NOTIC: [8] Undefined variable: page D:\phpStudy\WWW\cxtk\cxtk_wx\Runtime\Cache\Admin\7b7afc597b3f03cfbe6520d693ebb3bf.php 第 73 行.
INFO: ParseTemplate Behavior ::run [ RunTime:0.008000s ]
INFO: [ view_parse ] --END-- [ RunTime:0.008000s ]
INFO: [ view_filter ] --START--
INFO: ContentReplace Behavior ::run [ RunTime:0.001000s ]
INFO: TokenBuild Behavior ::run [ RunTime:0.000000s ]
INFO: WriteHtmlCache Behavior ::run [ RunTime:0.000000s ]
INFO: ShowRuntime Behavior ::run [ RunTime:0.001001s ]
INFO: [ view_filter ] --END-- [ RunTime:0.002001s ]
INFO: [ view_end ] --START--
INFO: ShowPageTrace Behavior ::run [ RunTime:0.000000s ]
INFO: [ view_end ] --END-- [ RunTime:0.000000s ]

[ 2015-08-14T13:20:35+08:00 ] 127.0.0.1 /index.php/admin/web_site/column_index.html
INFO: [ route_check ] --START--
INFO: CheckRoute Behavior ::run [ RunTime:0.000000s ]
INFO: [ route_check ] --END-- [ RunTime:0.000000s ]
INFO: [ app_begin ] --START--
INFO: ReadHtmlCache Behavior ::run [ RunTime:0.000000s ]
INFO: [ app_begin ] --END-- [ RunTime:0.000000s ]
NOTIC: [8] A session had already been started - ignoring session_start() D:\phpStudy\WWW\cxtk\Sys\Common\functions.php 第 566 行.
NOTIC: [8] Undefined index: siteid D:\phpStudy\WWW\cxtk\cxtk_wx\Modules\Admin\Action\web_siteAction.class.php 第 215 行.
SQL: SHOW COLUMNS FROM `wx_web_cate` [ RunTime:0.003000s ]
SQL: SELECT COUNT(*) AS tp_count FROM `wx_web_cate` WHERE ( `pid` = 0 ) AND ( `state` = 1 ) LIMIT 1   [ RunTime:0.027002s ]
SQL: SELECT * FROM `wx_web_cate` WHERE ( `pid` = 0 ) AND ( `state` = 1 ) ORDER BY sort DESC LIMIT 0,8   [ RunTime:0.001000s ]
INFO: [ view_parse ] --START--
NOTIC: [8] Undefined index: width D:\phpStudy\WWW\cxtk\cxtk_wx\Runtime\Cache\Admin\d06d871c42ba0b3bdff00661dead245e.php 第 52 行.
NOTIC: [8] Undefined index: height D:\phpStudy\WWW\cxtk\cxtk_wx\Runtime\Cache\Admin\d06d871c42ba0b3bdff00661dead245e.php 第 52 行.
NOTIC: [8] Undefined index: width D:\phpStudy\WWW\cxtk\cxtk_wx\Runtime\Cache\Admin\d06d871c42ba0b3bdff00661dead245e.php 第 52 行.
NOTIC: [8] Undefined index: height D:\phpStudy\WWW\cxtk\cxtk_wx\Runtime\Cache\Admin\d06d871c42ba0b3bdff00661dead245e.php 第 52 行.
INFO: ParseTemplate Behavior ::run [ RunTime:0.011001s ]
INFO: [ view_parse ] --END-- [ RunTime:0.011001s ]
INFO: [ view_filter ] --START--
INFO: ContentReplace Behavior ::run [ RunTime:0.000000s ]
INFO: TokenBuild Behavior ::run [ RunTime:0.001000s ]
INFO: WriteHtmlCache Behavior ::run [ RunTime:0.000000s ]
INFO: ShowRuntime Behavior ::run [ RunTime:0.000000s ]
INFO: [ view_filter ] --END-- [ RunTime:0.001000s ]
INFO: [ view_end ] --START--
INFO: ShowPageTrace Behavior ::run [ RunTime:0.001000s ]
INFO: [ view_end ] --END-- [ RunTime:0.001000s ]

[ 2015-08-14T14:13:22+08:00 ] 127.0.0.1 /index.php/admin/web_site/column_index.html
INFO: [ route_check ] --START--
INFO: CheckRoute Behavior ::run [ RunTime:0.001000s ]
INFO: [ route_check ] --END-- [ RunTime:0.002000s ]
INFO: [ app_begin ] --START--
INFO: ReadHtmlCache Behavior ::run [ RunTime:0.009001s ]
INFO: [ app_begin ] --END-- [ RunTime:0.009001s ]
NOTIC: [8] A session had already been started - ignoring session_start() D:\phpStudy\WWW\cxtk\Sys\Common\functions.php 第 566 行.
NOTIC: [8] Undefined index: siteid D:\phpStudy\WWW\cxtk\cxtk_wx\Modules\Admin\Action\web_siteAction.class.php 第 215 行.
SQL: SHOW COLUMNS FROM `wx_web_cate` [ RunTime:0.006000s ]
SQL: SELECT COUNT(*) AS tp_count FROM `wx_web_cate` WHERE ( `pid` = 0 ) AND ( `state` = 1 ) LIMIT 1   [ RunTime:0.001000s ]
SQL: SELECT * FROM `wx_web_cate` WHERE ( `pid` = 0 ) AND ( `state` = 1 ) ORDER BY sort DESC LIMIT 0,8   [ RunTime:0.002000s ]
INFO: [ view_parse ] --START--
NOTIC: [8] Undefined index: width D:\phpStudy\WWW\cxtk\cxtk_wx\Runtime\Cache\Admin\d06d871c42ba0b3bdff00661dead245e.php 第 52 行.
NOTIC: [8] Undefined index: height D:\phpStudy\WWW\cxtk\cxtk_wx\Runtime\Cache\Admin\d06d871c42ba0b3bdff00661dead245e.php 第 52 行.
NOTIC: [8] Undefined index: width D:\phpStudy\WWW\cxtk\cxtk_wx\Runtime\Cache\Admin\d06d871c42ba0b3bdff00661dead245e.php 第 52 行.
NOTIC: [8] Undefined index: height D:\phpStudy\WWW\cxtk\cxtk_wx\Runtime\Cache\Admin\d06d871c42ba0b3bdff00661dead245e.php 第 52 行.
INFO: ParseTemplate Behavior ::run [ RunTime:0.048003s ]
INFO: [ view_parse ] --END-- [ RunTime:0.048003s ]
INFO: [ view_filter ] --START--
INFO: ContentReplace Behavior ::run [ RunTime:0.014001s ]
INFO: TokenBuild Behavior ::run [ RunTime:0.008000s ]
INFO: WriteHtmlCache Behavior ::run [ RunTime:0.002000s ]
INFO: ShowRuntime Behavior ::run [ RunTime:0.001000s ]
INFO: [ view_filter ] --END-- [ RunTime:0.026001s ]
INFO: [ view_end ] --START--
INFO: ShowPageTrace Behavior ::run [ RunTime:0.001000s ]
INFO: [ view_end ] --END-- [ RunTime:0.001000s ]

[ 2015-08-14T14:13:23+08:00 ] 127.0.0.1 /index.php/admin/web_site/web_site_flash.html
INFO: [ route_check ] --START--
INFO: CheckRoute Behavior ::run [ RunTime:0.001000s ]
INFO: [ route_check ] --END-- [ RunTime:0.001000s ]
INFO: [ app_begin ] --START--
INFO: ReadHtmlCache Behavior ::run [ RunTime:0.001000s ]
INFO: [ app_begin ] --END-- [ RunTime:0.001000s ]
NOTIC: [8] A session had already been started - ignoring session_start() D:\phpStudy\WWW\cxtk\Sys\Common\functions.php 第 566 行.
SQL: SHOW COLUMNS FROM `wx_flash` [ RunTime:0.034002s ]
SQL: SELECT * FROM `wx_flash` WHERE ( `type` = 'a' )  [ RunTime:0.001000s ]
INFO: [ view_parse ] --START--
NOTIC: [8] Undefined index: width D:\phpStudy\WWW\cxtk\cxtk_wx\Runtime\Cache\Admin\7b7afc597b3f03cfbe6520d693ebb3bf.php 第 52 行.
NOTIC: [8] Undefined index: height D:\phpStudy\WWW\cxtk\cxtk_wx\Runtime\Cache\Admin\7b7afc597b3f03cfbe6520d693ebb3bf.php 第 52 行.
NOTIC: [8] Undefined variable: page D:\phpStudy\WWW\cxtk\cxtk_wx\Runtime\Cache\Admin\7b7afc597b3f03cfbe6520d693ebb3bf.php 第 73 行.
INFO: ParseTemplate Behavior ::run [ RunTime:0.029001s ]
INFO: [ view_parse ] --END-- [ RunTime:0.029001s ]
INFO: [ view_filter ] --START--
INFO: ContentReplace Behavior ::run [ RunTime:0.002001s ]
INFO: TokenBuild Behavior ::run [ RunTime:0.001000s ]
INFO: WriteHtmlCache Behavior ::run [ RunTime:0.000000s ]
INFO: ShowRuntime Behavior ::run [ RunTime:0.002000s ]
INFO: [ view_filter ] --END-- [ RunTime:0.006001s ]
INFO: [ view_end ] --START--
INFO: ShowPageTrace Behavior ::run [ RunTime:0.002000s ]
INFO: [ view_end ] --END-- [ RunTime:0.003000s ]

[ 2015-08-14T14:13:24+08:00 ] 127.0.0.1 /index.php/admin/web_site/web_site_flash.html
INFO: [ route_check ] --START--
INFO: CheckRoute Behavior ::run [ RunTime:0.001000s ]
INFO: [ route_check ] --END-- [ RunTime:0.001000s ]
INFO: [ app_begin ] --START--
INFO: ReadHtmlCache Behavior ::run [ RunTime:0.000000s ]
INFO: [ app_begin ] --END-- [ RunTime:0.000000s ]
NOTIC: [8] A session had already been started - ignoring session_start() D:\phpStudy\WWW\cxtk\Sys\Common\functions.php 第 566 行.
SQL: SHOW COLUMNS FROM `wx_flash` [ RunTime:0.004001s ]
SQL: SELECT * FROM `wx_flash` WHERE ( `type` = 'a' )  [ RunTime:0.001000s ]
INFO: [ view_parse ] --START--
NOTIC: [8] Undefined index: width D:\phpStudy\WWW\cxtk\cxtk_wx\Runtime\Cache\Admin\7b7afc597b3f03cfbe6520d693ebb3bf.php 第 52 行.
NOTIC: [8] Undefined index: height D:\phpStudy\WWW\cxtk\cxtk_wx\Runtime\Cache\Admin\7b7afc597b3f03cfbe6520d693ebb3bf.php 第 52 行.
NOTIC: [8] Undefined variable: page D:\phpStudy\WWW\cxtk\cxtk_wx\Runtime\Cache\Admin\7b7afc597b3f03cfbe6520d693ebb3bf.php 第 73 行.
INFO: ParseTemplate Behavior ::run [ RunTime:0.015001s ]
INFO: [ view_parse ] --END-- [ RunTime:0.015001s ]
INFO: [ view_filter ] --START--
INFO: ContentReplace Behavior ::run [ RunTime:0.001000s ]
INFO: TokenBuild Behavior ::run [ RunTime:0.001000s ]
INFO: WriteHtmlCache Behavior ::run [ RunTime:0.001000s ]
INFO: ShowRuntime Behavior ::run [ RunTime:0.001000s ]
INFO: [ view_filter ] --END-- [ RunTime:0.005000s ]
INFO: [ view_end ] --START--
INFO: ShowPageTrace Behavior ::run [ RunTime:0.000000s ]
INFO: [ view_end ] --END-- [ RunTime:0.000000s ]

[ 2015-08-14T14:13:25+08:00 ] 127.0.0.1 /index.php/admin/web_site/form_index.html
INFO: [ route_check ] --START--
INFO: CheckRoute Behavior ::run [ RunTime:0.001000s ]
INFO: [ route_check ] --END-- [ RunTime:0.003000s ]
INFO: [ app_begin ] --START--
INFO: ReadHtmlCache Behavior ::run [ RunTime:0.000000s ]
INFO: [ app_begin ] --END-- [ RunTime:0.000000s ]
NOTIC: [8] A session had already been started - ignoring session_start() D:\phpStudy\WWW\cxtk\Sys\Common\functions.php 第 566 行.
INFO: [ view_parse ] --START--
NOTIC: [8] Undefined variable: data D:\phpStudy\WWW\cxtk\cxtk_wx\Runtime\Cache\Admin\96dfa53e63ef762c342a16143ac92969.php 第 48 行.
NOTIC: [8] Undefined variable: page D:\phpStudy\WWW\cxtk\cxtk_wx\Runtime\Cache\Admin\96dfa53e63ef762c342a16143ac92969.php 第 75 行.
INFO: ParseTemplate Behavior ::run [ RunTime:0.035002s ]
INFO: [ view_parse ] --END-- [ RunTime:0.035002s ]
INFO: [ view_filter ] --START--
INFO: ContentReplace Behavior ::run [ RunTime:0.003000s ]
INFO: TokenBuild Behavior ::run [ RunTime:0.001000s ]
INFO: WriteHtmlCache Behavior ::run [ RunTime:0.002000s ]
INFO: ShowRuntime Behavior ::run [ RunTime:0.000000s ]
INFO: [ view_filter ] --END-- [ RunTime:0.007000s ]
INFO: [ view_end ] --START--
INFO: ShowPageTrace Behavior ::run [ RunTime:0.001000s ]
INFO: [ view_end ] --END-- [ RunTime:0.001000s ]

